{
  "stats": {
    "suites": 22,
    "tests": 55,
    "passes": 43,
    "pending": 0,
    "failures": 12,
    "start": "2017-07-28T16:59:23.971Z",
    "end": "2017-07-28T17:03:40.894Z",
    "duration": 256923,
    "testsRegistered": 55,
    "passPercent": 78.2,
    "pendingPercent": 0,
    "other": 0,
    "hasOther": false,
    "skipped": 0,
    "hasSkipped": false,
    "passPercentClass": "warning",
    "pendingPercentClass": "danger"
  },
  "suites": {
    "title": "",
    "suites": [
      {
        "title": "Allscenario",
        "suites": [
          {
            "title": "The Product Creation",
            "suites": [
              {
                "title": "Log in in Back Office",
                "suites": [],
                "tests": [
                  {
                    "title": "should log in successfully in BO",
                    "fullTitle": "The Product Creation Log in in Back Office should log in successfully in BO",
                    "timedOut": false,
                    "duration": 3469,
                    "state": "passed",
                    "speed": "fast",
                    "pass": true,
                    "fail": false,
                    "pending": false,
                    "code": "global.fctname= this.test.title;\n\tthis.client\n\t\t.signinBO()\n\t\t.isVisible(this.selector.exit_welcome).then(function(isVisible) {\n\t\t\texit_welcome = isVisible;\n\t\t})\n\t\t.waitForExist(this.selector.menu, 90000)\n\t    .call(done);",
                    "err": {},
                    "isRoot": false,
                    "uuid": "ec9f65bc-f964-4881-9cbb-8ccb57377a3c",
                    "parentUUID": "2843eda0-aa9e-475f-827d-53149155fece",
                    "isHook": false,
                    "skipped": false
                  }
                ],
                "pending": [],
                "root": false,
                "_timeout": 900000000,
                "file": "/index.webdriverio.js",
                "uuid": "2843eda0-aa9e-475f-827d-53149155fece",
                "beforeHooks": [],
                "afterHooks": [],
                "fullFile": "/projet/PSFunctionalTests/test/itg/1.7/index.webdriverio.js",
                "passes": [
                  {
                    "title": "should log in successfully in BO",
                    "fullTitle": "The Product Creation Log in in Back Office should log in successfully in BO",
                    "timedOut": false,
                    "duration": 3469,
                    "state": "passed",
                    "speed": "fast",
                    "pass": true,
                    "fail": false,
                    "pending": false,
                    "code": "global.fctname= this.test.title;\n\tthis.client\n\t\t.signinBO()\n\t\t.isVisible(this.selector.exit_welcome).then(function(isVisible) {\n\t\t\texit_welcome = isVisible;\n\t\t})\n\t\t.waitForExist(this.selector.menu, 90000)\n\t    .call(done);",
                    "err": {},
                    "isRoot": false,
                    "uuid": "ec9f65bc-f964-4881-9cbb-8ccb57377a3c",
                    "parentUUID": "2843eda0-aa9e-475f-827d-53149155fece",
                    "isHook": false,
                    "skipped": false
                  }
                ],
                "failures": [],
                "skipped": [],
                "hasBeforeHooks": false,
                "hasAfterHooks": false,
                "hasTests": true,
                "hasSuites": false,
                "totalTests": 1,
                "totalPasses": 1,
                "totalFailures": 0,
                "totalPending": 0,
                "totalSkipped": 0,
                "hasPasses": true,
                "hasFailures": false,
                "hasPending": false,
                "hasSkipped": false,
                "duration": 3469,
                "rootEmpty": false
              },
              {
                "title": "Create new product",
                "suites": [],
                "tests": [
                  {
                    "title": "should click on the <add new product> button",
                    "fullTitle": "The Product Creation Create new product should click on the <add new product> button",
                    "timedOut": false,
                    "duration": 1992,
                    "state": "passed",
                    "speed": "fast",
                    "pass": true,
                    "fail": false,
                    "pending": false,
                    "code": "global.fctname= this.test.title;\nif (exit_welcome){\n\t\t        this.client\n\t\t\t\t    .waitForExist(this.selector.exit_welcome, 90000)\n\t\t\t\t    .click(this.selector.exit_welcome);\n\t\t\t}\n\t\t\tthis.client\n\t\t\t\t.waitForExist(this.selector.menu, 90000)\n\t\t\t\t.click(this.selector.products)\n\t\t\t\t.waitForExist(this.selector.new_product, 90000)\n\t\t\t\t.waitForExist('#notifications-total', 90000)\n\t\t\t\t.isVisible('//div[@id=\"debug-mode\"]').then(function(isVisible) {\n\t\t\t\t\tdevMode = isVisible;\n\t\t\t\t})\n\t\t\t\t.call(done);",
                    "err": {},
                    "isRoot": false,
                    "uuid": "9a89058c-39bd-4e31-9e7c-e96dd40c1a51",
                    "parentUUID": "69a8bdb8-4b61-43df-b4f2-8c5c0c66094c",
                    "isHook": false,
                    "skipped": false
                  },
                  {
                    "title": "should choose dev mode",
                    "fullTitle": "The Product Creation Create new product should choose dev mode",
                    "timedOut": false,
                    "duration": 0,
                    "state": "passed",
                    "speed": "fast",
                    "pass": true,
                    "fail": false,
                    "pending": false,
                    "code": "global.fctname= this.test.title;\n    if(devMode)\n    {\n\t\tthis.client\n                    .waitForExist('//a[@class=\"hide-button\"]', 90000)\n                    .click('//a[@class=\"hide-button\"]');\n\t}\n\tthis.client.call(done);",
                    "err": {},
                    "isRoot": false,
                    "uuid": "6ee6d9a0-bb09-4c51-abc7-608db444b49c",
                    "parentUUID": "69a8bdb8-4b61-43df-b4f2-8c5c0c66094c",
                    "isHook": false,
                    "skipped": false
                  },
                  {
                    "title": "should enter the name of product",
                    "fullTitle": "The Product Creation Create new product should enter the name of product",
                    "timedOut": false,
                    "duration": 2627,
                    "state": "passed",
                    "speed": "fast",
                    "pass": true,
                    "fail": false,
                    "pending": false,
                    "code": "global.fctname= this.test.title;\n\tthis.client\n\t\t.click(this.selector.new_product)\n\t\t.waitForExist(this.selector.product_name, 90000)\n\t\t.setValue(this.selector.product_name, 'test_nodejs_' + product_id)\n\t\t.call(done);",
                    "err": {},
                    "isRoot": false,
                    "uuid": "8fb4dc4d-76a4-43e3-b39d-dd457b04f263",
                    "parentUUID": "69a8bdb8-4b61-43df-b4f2-8c5c0c66094c",
                    "isHook": false,
                    "skipped": false
                  },
                  {
                    "title": "should enter the quantity of product",
                    "fullTitle": "The Product Creation Create new product should enter the quantity of product",
                    "timedOut": false,
                    "duration": 162,
                    "state": "passed",
                    "speed": "fast",
                    "pass": true,
                    "fail": false,
                    "pending": false,
                    "code": "global.fctname= this.test.title;\n\tthis.client\n\t\t.waitForExist(this.selector.quantity_shortcut, 90000)\n\t\t.clearElement(this.selector.quantity_shortcut)\n\t\t.addValue(this.selector.quantity_shortcut, \"10\")\n\t    .call(done);",
                    "err": {},
                    "isRoot": false,
                    "uuid": "ba399bac-21df-42fc-b82a-b3b35f92606d",
                    "parentUUID": "69a8bdb8-4b61-43df-b4f2-8c5c0c66094c",
                    "isHook": false,
                    "skipped": false
                  },
                  {
                    "title": "should enter the price of product",
                    "fullTitle": "The Product Creation Create new product should enter the price of product",
                    "timedOut": false,
                    "duration": 155,
                    "state": "passed",
                    "speed": "fast",
                    "pass": true,
                    "fail": false,
                    "pending": false,
                    "code": "global.fctname= this.test.title;\n\tthis.client\n\t\t.waitForExist(this.selector.priceTE_shortcut, 90000)\n\t\t.execute(function() {\n\t\t\tdocument.querySelector('#form_step1_price_shortcut').value=\"\";\n\t\t\t})\n\t\t.setValue(this.selector.priceTE_shortcut, \"5\")\n\t\t.call(done);",
                    "err": {},
                    "isRoot": false,
                    "uuid": "d377c8c5-5853-462b-b41f-8e7d569b248e",
                    "parentUUID": "69a8bdb8-4b61-43df-b4f2-8c5c0c66094c",
                    "isHook": false,
                    "skipped": false
                  },
                  {
                    "title": "should upload the picture of product",
                    "fullTitle": "The Product Creation Create new product should upload the picture of product",
                    "timedOut": false,
                    "duration": 3223,
                    "state": "passed",
                    "speed": "fast",
                    "pass": true,
                    "fail": false,
                    "pending": false,
                    "code": "global.fctname= this.test.title;\n    this.client\n\t\t.execute(function() {\n\t\t\tdocument.getElementsByClassName(\"dz-hidden-input\").style=\"\";\n\t\t\t})\n\t\t.chooseFile(this.selector.picture, toUpload)\n\t\t.waitForExist(this.selector.picture_cover, 90000)\n\t\t.getAttribute('.dz-preview.dz-image-preview.ui-sortable-handle.dz-complete', \"data-id\").then(function(text) {\n\t\t\tglobal.image_data_id = text;\n\t\t})\n\t\t.pause(2000)\n\t\t.call(done);",
                    "err": {},
                    "isRoot": false,
                    "uuid": "8dc9c1c4-f169-4a8b-8881-6ee88eae64b1",
                    "parentUUID": "69a8bdb8-4b61-43df-b4f2-8c5c0c66094c",
                    "isHook": false,
                    "skipped": false
                  },
                  {
                    "title": "should enter the summary of product",
                    "fullTitle": "The Product Creation Create new product should enter the summary of product",
                    "timedOut": false,
                    "duration": 424,
                    "state": "passed",
                    "speed": "fast",
                    "pass": true,
                    "fail": false,
                    "pending": false,
                    "code": "global.fctname= this.test.title;\n    this.client\n\t\t.waitForExist('textarea#form_step1_description_short_1', 90000)\n\t\t.execute(function() {\n\t\t\tdocument.querySelector('textarea#form_step1_description_short_1').style=\"\";\n\t\t\t})\n\t\t.setValue('textarea#form_step1_description_short_1', \"this the summary\")\n\t\t.call(done);",
                    "err": {},
                    "isRoot": false,
                    "uuid": "9b5123cc-da52-4f0e-beff-6259fb880895",
                    "parentUUID": "69a8bdb8-4b61-43df-b4f2-8c5c0c66094c",
                    "isHook": false,
                    "skipped": false
                  },
                  {
                    "title": "should enter the description of product",
                    "fullTitle": "The Product Creation Create new product should enter the description of product",
                    "timedOut": false,
                    "duration": 482,
                    "state": "passed",
                    "speed": "fast",
                    "pass": true,
                    "fail": false,
                    "pending": false,
                    "code": "global.fctname= this.test.title;\n    this.client\n\t\t.click(this.selector.description_button)\n\t\t.waitForExist('textarea#form_step1_description_1', 90000)\n\t\t.execute(function() {\n\t\t\tdocument.querySelector('textarea#form_step1_description_1').style=\"\";\n\t\t\t})\n\t\t.setValue('textarea#form_step1_description_1', \"this the description\")\n\t    .call(done);",
                    "err": {},
                    "isRoot": false,
                    "uuid": "7391eb71-16db-414e-80f2-ca5b0bdcf0f4",
                    "parentUUID": "69a8bdb8-4b61-43df-b4f2-8c5c0c66094c",
                    "isHook": false,
                    "skipped": false
                  },
                  {
                    "title": "should close toolbar",
                    "fullTitle": "The Product Creation Create new product should close toolbar",
                    "timedOut": false,
                    "duration": 0,
                    "state": "passed",
                    "speed": "fast",
                    "pass": true,
                    "fail": false,
                    "pending": false,
                    "code": "global.fctname= this.test.title;\n\t   \tif (devMode){\n\t\t\tthis.client\n\t\t\t.waitForExist('//a[@class=\"hide-button\"]', 90000)\n\t\t\t.click('//a[@class=\"hide-button\"]');\n\t\t}\n\t\tthis.client.call(done);",
                    "err": {},
                    "isRoot": false,
                    "uuid": "defa657e-5f07-47b4-8a02-a24a67dd3d4c",
                    "parentUUID": "69a8bdb8-4b61-43df-b4f2-8c5c0c66094c",
                    "isHook": false,
                    "skipped": false
                  },
                  {
                    "title": "should select product online",
                    "fullTitle": "The Product Creation Create new product should select product online",
                    "timedOut": false,
                    "duration": 1104,
                    "state": "passed",
                    "speed": "fast",
                    "pass": true,
                    "fail": false,
                    "pending": false,
                    "code": "global.fctname= this.test.title;\n        this.client\n            .pause(1000)\n\t\t\t.click(this.selector.product_online)\n\t\t    .call(done);",
                    "err": {},
                    "isRoot": false,
                    "uuid": "822281d8-34d2-4d7f-b95c-6ae71bc0cffb",
                    "parentUUID": "69a8bdb8-4b61-43df-b4f2-8c5c0c66094c",
                    "isHook": false,
                    "skipped": false
                  },
                  {
                    "title": "should save product",
                    "fullTitle": "The Product Creation Create new product should save product",
                    "timedOut": false,
                    "duration": 0,
                    "state": "failed",
                    "pass": false,
                    "fail": true,
                    "pending": false,
                    "code": "global.fctname= this.test.title;\n\t        this.client\n\t    .waitForExist(this.selector.save_product, 90000)\n\t    .click(this.selector.save_product)\n\t    .call(done);",
                    "err": {
                      "message": "Error: element not visible",
                      "estack": "Error: element not visible"
                    },
                    "isRoot": false,
                    "uuid": "b8e47ebd-e9d6-4918-b20a-e237d110f0c9",
                    "parentUUID": "69a8bdb8-4b61-43df-b4f2-8c5c0c66094c",
                    "isHook": false,
                    "skipped": false
                  },
                  {
                    "title": "should close green validation",
                    "fullTitle": "The Product Creation Create new product should close green validation",
                    "timedOut": false,
                    "duration": 959,
                    "state": "passed",
                    "speed": "fast",
                    "pass": true,
                    "fail": false,
                    "pending": false,
                    "code": "global.fctname= this.test.title;\n        this.client\n\t\t\t.waitForExist(this.selector.close_green_validation, 90000)\n\t\t\t.click(this.selector.close_green_validation)\n\t\t\t.call(done);",
                    "err": {},
                    "isRoot": false,
                    "uuid": "a8aca965-8256-487e-bbc7-008171189add",
                    "parentUUID": "69a8bdb8-4b61-43df-b4f2-8c5c0c66094c",
                    "isHook": false,
                    "skipped": false
                  }
                ],
                "pending": [],
                "root": false,
                "_timeout": 900000000,
                "file": "/index.webdriverio.js",
                "uuid": "69a8bdb8-4b61-43df-b4f2-8c5c0c66094c",
                "beforeHooks": [],
                "afterHooks": [],
                "fullFile": "/projet/PSFunctionalTests/test/itg/1.7/index.webdriverio.js",
                "passes": [
                  {
                    "title": "should click on the <add new product> button",
                    "fullTitle": "The Product Creation Create new product should click on the <add new product> button",
                    "timedOut": false,
                    "duration": 1992,
                    "state": "passed",
                    "speed": "fast",
                    "pass": true,
                    "fail": false,
                    "pending": false,
                    "code": "global.fctname= this.test.title;\nif (exit_welcome){\n\t\t        this.client\n\t\t\t\t    .waitForExist(this.selector.exit_welcome, 90000)\n\t\t\t\t    .click(this.selector.exit_welcome);\n\t\t\t}\n\t\t\tthis.client\n\t\t\t\t.waitForExist(this.selector.menu, 90000)\n\t\t\t\t.click(this.selector.products)\n\t\t\t\t.waitForExist(this.selector.new_product, 90000)\n\t\t\t\t.waitForExist('#notifications-total', 90000)\n\t\t\t\t.isVisible('//div[@id=\"debug-mode\"]').then(function(isVisible) {\n\t\t\t\t\tdevMode = isVisible;\n\t\t\t\t})\n\t\t\t\t.call(done);",
                    "err": {},
                    "isRoot": false,
                    "uuid": "9a89058c-39bd-4e31-9e7c-e96dd40c1a51",
                    "parentUUID": "69a8bdb8-4b61-43df-b4f2-8c5c0c66094c",
                    "isHook": false,
                    "skipped": false
                  },
                  {
                    "title": "should choose dev mode",
                    "fullTitle": "The Product Creation Create new product should choose dev mode",
                    "timedOut": false,
                    "duration": 0,
                    "state": "passed",
                    "speed": "fast",
                    "pass": true,
                    "fail": false,
                    "pending": false,
                    "code": "global.fctname= this.test.title;\n    if(devMode)\n    {\n\t\tthis.client\n                    .waitForExist('//a[@class=\"hide-button\"]', 90000)\n                    .click('//a[@class=\"hide-button\"]');\n\t}\n\tthis.client.call(done);",
                    "err": {},
                    "isRoot": false,
                    "uuid": "6ee6d9a0-bb09-4c51-abc7-608db444b49c",
                    "parentUUID": "69a8bdb8-4b61-43df-b4f2-8c5c0c66094c",
                    "isHook": false,
                    "skipped": false
                  },
                  {
                    "title": "should enter the name of product",
                    "fullTitle": "The Product Creation Create new product should enter the name of product",
                    "timedOut": false,
                    "duration": 2627,
                    "state": "passed",
                    "speed": "fast",
                    "pass": true,
                    "fail": false,
                    "pending": false,
                    "code": "global.fctname= this.test.title;\n\tthis.client\n\t\t.click(this.selector.new_product)\n\t\t.waitForExist(this.selector.product_name, 90000)\n\t\t.setValue(this.selector.product_name, 'test_nodejs_' + product_id)\n\t\t.call(done);",
                    "err": {},
                    "isRoot": false,
                    "uuid": "8fb4dc4d-76a4-43e3-b39d-dd457b04f263",
                    "parentUUID": "69a8bdb8-4b61-43df-b4f2-8c5c0c66094c",
                    "isHook": false,
                    "skipped": false
                  },
                  {
                    "title": "should enter the quantity of product",
                    "fullTitle": "The Product Creation Create new product should enter the quantity of product",
                    "timedOut": false,
                    "duration": 162,
                    "state": "passed",
                    "speed": "fast",
                    "pass": true,
                    "fail": false,
                    "pending": false,
                    "code": "global.fctname= this.test.title;\n\tthis.client\n\t\t.waitForExist(this.selector.quantity_shortcut, 90000)\n\t\t.clearElement(this.selector.quantity_shortcut)\n\t\t.addValue(this.selector.quantity_shortcut, \"10\")\n\t    .call(done);",
                    "err": {},
                    "isRoot": false,
                    "uuid": "ba399bac-21df-42fc-b82a-b3b35f92606d",
                    "parentUUID": "69a8bdb8-4b61-43df-b4f2-8c5c0c66094c",
                    "isHook": false,
                    "skipped": false
                  },
                  {
                    "title": "should enter the price of product",
                    "fullTitle": "The Product Creation Create new product should enter the price of product",
                    "timedOut": false,
                    "duration": 155,
                    "state": "passed",
                    "speed": "fast",
                    "pass": true,
                    "fail": false,
                    "pending": false,
                    "code": "global.fctname= this.test.title;\n\tthis.client\n\t\t.waitForExist(this.selector.priceTE_shortcut, 90000)\n\t\t.execute(function() {\n\t\t\tdocument.querySelector('#form_step1_price_shortcut').value=\"\";\n\t\t\t})\n\t\t.setValue(this.selector.priceTE_shortcut, \"5\")\n\t\t.call(done);",
                    "err": {},
                    "isRoot": false,
                    "uuid": "d377c8c5-5853-462b-b41f-8e7d569b248e",
                    "parentUUID": "69a8bdb8-4b61-43df-b4f2-8c5c0c66094c",
                    "isHook": false,
                    "skipped": false
                  },
                  {
                    "title": "should upload the picture of product",
                    "fullTitle": "The Product Creation Create new product should upload the picture of product",
                    "timedOut": false,
                    "duration": 3223,
                    "state": "passed",
                    "speed": "fast",
                    "pass": true,
                    "fail": false,
                    "pending": false,
                    "code": "global.fctname= this.test.title;\n    this.client\n\t\t.execute(function() {\n\t\t\tdocument.getElementsByClassName(\"dz-hidden-input\").style=\"\";\n\t\t\t})\n\t\t.chooseFile(this.selector.picture, toUpload)\n\t\t.waitForExist(this.selector.picture_cover, 90000)\n\t\t.getAttribute('.dz-preview.dz-image-preview.ui-sortable-handle.dz-complete', \"data-id\").then(function(text) {\n\t\t\tglobal.image_data_id = text;\n\t\t})\n\t\t.pause(2000)\n\t\t.call(done);",
                    "err": {},
                    "isRoot": false,
                    "uuid": "8dc9c1c4-f169-4a8b-8881-6ee88eae64b1",
                    "parentUUID": "69a8bdb8-4b61-43df-b4f2-8c5c0c66094c",
                    "isHook": false,
                    "skipped": false
                  },
                  {
                    "title": "should enter the summary of product",
                    "fullTitle": "The Product Creation Create new product should enter the summary of product",
                    "timedOut": false,
                    "duration": 424,
                    "state": "passed",
                    "speed": "fast",
                    "pass": true,
                    "fail": false,
                    "pending": false,
                    "code": "global.fctname= this.test.title;\n    this.client\n\t\t.waitForExist('textarea#form_step1_description_short_1', 90000)\n\t\t.execute(function() {\n\t\t\tdocument.querySelector('textarea#form_step1_description_short_1').style=\"\";\n\t\t\t})\n\t\t.setValue('textarea#form_step1_description_short_1', \"this the summary\")\n\t\t.call(done);",
                    "err": {},
                    "isRoot": false,
                    "uuid": "9b5123cc-da52-4f0e-beff-6259fb880895",
                    "parentUUID": "69a8bdb8-4b61-43df-b4f2-8c5c0c66094c",
                    "isHook": false,
                    "skipped": false
                  },
                  {
                    "title": "should enter the description of product",
                    "fullTitle": "The Product Creation Create new product should enter the description of product",
                    "timedOut": false,
                    "duration": 482,
                    "state": "passed",
                    "speed": "fast",
                    "pass": true,
                    "fail": false,
                    "pending": false,
                    "code": "global.fctname= this.test.title;\n    this.client\n\t\t.click(this.selector.description_button)\n\t\t.waitForExist('textarea#form_step1_description_1', 90000)\n\t\t.execute(function() {\n\t\t\tdocument.querySelector('textarea#form_step1_description_1').style=\"\";\n\t\t\t})\n\t\t.setValue('textarea#form_step1_description_1', \"this the description\")\n\t    .call(done);",
                    "err": {},
                    "isRoot": false,
                    "uuid": "7391eb71-16db-414e-80f2-ca5b0bdcf0f4",
                    "parentUUID": "69a8bdb8-4b61-43df-b4f2-8c5c0c66094c",
                    "isHook": false,
                    "skipped": false
                  },
                  {
                    "title": "should close toolbar",
                    "fullTitle": "The Product Creation Create new product should close toolbar",
                    "timedOut": false,
                    "duration": 0,
                    "state": "passed",
                    "speed": "fast",
                    "pass": true,
                    "fail": false,
                    "pending": false,
                    "code": "global.fctname= this.test.title;\n\t   \tif (devMode){\n\t\t\tthis.client\n\t\t\t.waitForExist('//a[@class=\"hide-button\"]', 90000)\n\t\t\t.click('//a[@class=\"hide-button\"]');\n\t\t}\n\t\tthis.client.call(done);",
                    "err": {},
                    "isRoot": false,
                    "uuid": "defa657e-5f07-47b4-8a02-a24a67dd3d4c",
                    "parentUUID": "69a8bdb8-4b61-43df-b4f2-8c5c0c66094c",
                    "isHook": false,
                    "skipped": false
                  },
                  {
                    "title": "should select product online",
                    "fullTitle": "The Product Creation Create new product should select product online",
                    "timedOut": false,
                    "duration": 1104,
                    "state": "passed",
                    "speed": "fast",
                    "pass": true,
                    "fail": false,
                    "pending": false,
                    "code": "global.fctname= this.test.title;\n        this.client\n            .pause(1000)\n\t\t\t.click(this.selector.product_online)\n\t\t    .call(done);",
                    "err": {},
                    "isRoot": false,
                    "uuid": "822281d8-34d2-4d7f-b95c-6ae71bc0cffb",
                    "parentUUID": "69a8bdb8-4b61-43df-b4f2-8c5c0c66094c",
                    "isHook": false,
                    "skipped": false
                  },
                  {
                    "title": "should close green validation",
                    "fullTitle": "The Product Creation Create new product should close green validation",
                    "timedOut": false,
                    "duration": 959,
                    "state": "passed",
                    "speed": "fast",
                    "pass": true,
                    "fail": false,
                    "pending": false,
                    "code": "global.fctname= this.test.title;\n        this.client\n\t\t\t.waitForExist(this.selector.close_green_validation, 90000)\n\t\t\t.click(this.selector.close_green_validation)\n\t\t\t.call(done);",
                    "err": {},
                    "isRoot": false,
                    "uuid": "a8aca965-8256-487e-bbc7-008171189add",
                    "parentUUID": "69a8bdb8-4b61-43df-b4f2-8c5c0c66094c",
                    "isHook": false,
                    "skipped": false
                  }
                ],
                "failures": [
                  {
                    "title": "should save product",
                    "fullTitle": "The Product Creation Create new product should save product",
                    "timedOut": false,
                    "duration": 0,
                    "state": "failed",
                    "pass": false,
                    "fail": true,
                    "pending": false,
                    "code": "global.fctname= this.test.title;\n\t        this.client\n\t    .waitForExist(this.selector.save_product, 90000)\n\t    .click(this.selector.save_product)\n\t    .call(done);",
                    "err": {
                      "message": "Error: element not visible",
                      "estack": "Error: element not visible"
                    },
                    "isRoot": false,
                    "uuid": "b8e47ebd-e9d6-4918-b20a-e237d110f0c9",
                    "parentUUID": "69a8bdb8-4b61-43df-b4f2-8c5c0c66094c",
                    "isHook": false,
                    "skipped": false
                  }
                ],
                "skipped": [],
                "hasBeforeHooks": false,
                "hasAfterHooks": false,
                "hasTests": true,
                "hasSuites": false,
                "totalTests": 12,
                "totalPasses": 11,
                "totalFailures": 1,
                "totalPending": 0,
                "totalSkipped": 0,
                "hasPasses": true,
                "hasFailures": true,
                "hasPending": false,
                "hasSkipped": false,
                "duration": 11128,
                "rootEmpty": false
              },
              {
                "title": "Check the product in the catalog",
                "suites": [],
                "tests": [
                  {
                    "title": "should go to the catalog",
                    "fullTitle": "The Product Creation Check the product in the catalog should go to the catalog",
                    "timedOut": false,
                    "duration": 0,
                    "state": "failed",
                    "pass": false,
                    "fail": true,
                    "pending": false,
                    "code": "global.fctname= this.test.title;\n\t\t\tthis.client\n\t\t\t    .pause(5000)\n\t\t\t    .waitForExist(this.selector.more_option, 90000)\n        .click(this.selector.more_option)\n\t\t\t    .waitForExist(this.selector.go_to_catalog, 90000)\n        .click(this.selector.go_to_catalog)\n        .call(done);",
                    "err": {
                      "message": "Error: element not visible",
                      "estack": "Error: An element command could not be completed because the element is not visible on the page.\n    at elementIdClick(\"19\") - click.js:20:22"
                    },
                    "isRoot": false,
                    "uuid": "fa5792cf-4950-41bf-a580-eefa36f01dee",
                    "parentUUID": "9a9d2536-6cce-4eb3-8627-8e1d44f2ddbc",
                    "isHook": false,
                    "skipped": false
                  },
                  {
                    "title": "should search the product by name",
                    "fullTitle": "The Product Creation Check the product in the catalog should search the product by name",
                    "timedOut": false,
                    "duration": 0,
                    "state": "failed",
                    "pass": false,
                    "fail": true,
                    "pending": false,
                    "code": "global.fctname= this.test.title;\nthis.client\n\t\t\t\t.waitForExist(this.selector.catalogue_filter_by_name, 90000)\n\t\t\t\t.setValue(this.selector.catalogue_filter_by_name, 'test_nodejs_' + product_id)\n\t\t\t\t.click(this.selector.click_outside)\n\t\t\t\t.pause(2000)\n\t\t\t\t.click(this.selector.catalogue_submit_filter)\n\t\t\t\t.call(done);",
                    "err": {
                      "message": "Error: element (\"//input[@name=\"filter_column_name\"]\") still not existing after 90000ms",
                      "estack": "Error: element (\"//input[@name=\"filter_column_name\"]\") still not existing after 90000ms\n    at elements(\"//input[@name=\"filter_column_name\"]\") - isExisting.js:46:17\n    at isExisting(\"//input[@name=\"filter_column_name\"]\") - waitForExist.js:67:22"
                    },
                    "isRoot": false,
                    "uuid": "415c0f74-74f1-452c-9fc2-6ef56ebc4db0",
                    "parentUUID": "9a9d2536-6cce-4eb3-8627-8e1d44f2ddbc",
                    "isHook": false,
                    "skipped": false
                  },
                  {
                    "title": "should select the product name",
                    "fullTitle": "The Product Creation Check the product in the catalog should select the product name",
                    "timedOut": false,
                    "duration": 0,
                    "state": "failed",
                    "pass": false,
                    "fail": true,
                    "pending": false,
                    "code": "global.fctname= this.test.title;\nthis.client\n    .pause(1000)\n\t\t\t\t.waitForExist('//a[text()=\"test_nodejs_' + product_id + '\"]', 90000)\n\t\t\t\t.click('//a[text()=\"test_nodejs_' + product_id + '\"]')\n\t\t\t\t.waitForExist(this.selector.product_name, 90000)\n\t\t\t\t.call(done);",
                    "err": {
                      "message": "Error: element (\"//a[text()=\"test_nodejs_1501261163960\"]\") still not existing after 90000ms",
                      "estack": "Error: element (\"//a[text()=\"test_nodejs_1501261163960\"]\") still not existing after 90000ms\n    at elements(\"//a[text()=\"test_nodejs_1501261163960\"]\") - isExisting.js:46:17\n    at isExisting(\"//a[text()=\"test_nodejs_1501261163960\"]\") - waitForExist.js:67:22"
                    },
                    "isRoot": false,
                    "uuid": "47fff242-6198-4298-8737-3cffe7d20ffe",
                    "parentUUID": "9a9d2536-6cce-4eb3-8627-8e1d44f2ddbc",
                    "isHook": false,
                    "skipped": false
                  },
                  {
                    "title": "Should generate picture url",
                    "fullTitle": "The Product Creation Check the product in the catalog Should generate picture url",
                    "timedOut": false,
                    "duration": 0,
                    "state": "failed",
                    "pass": false,
                    "fail": true,
                    "pending": false,
                    "code": "picture_url = \"/img/p\";\nfor (var i = 0, len = image_data_id.length; i < len; i++) {\n\tpicture_url= picture_url + \"/\" + image_data_id[i];\n}\npicture_url = picture_url + \"/\" + image_data_id + \"-home_default.jpg\";\nthis.client.call(done);",
                    "err": {
                      "message": "ReferenceError: picture_url is not defined",
                      "estack": "ReferenceError: picture_url is not defined\n    at Context.<anonymous> (scenario/BO/create_product.webdriverio.js:199:16)"
                    },
                    "isRoot": false,
                    "uuid": "c78ead57-0c68-46cc-bb04-eee5730010f7",
                    "parentUUID": "9a9d2536-6cce-4eb3-8627-8e1d44f2ddbc",
                    "isHook": false,
                    "skipped": false
                  }
                ],
                "pending": [],
                "root": false,
                "_timeout": 900000000,
                "file": "/index.webdriverio.js",
                "uuid": "9a9d2536-6cce-4eb3-8627-8e1d44f2ddbc",
                "beforeHooks": [],
                "afterHooks": [],
                "fullFile": "/projet/PSFunctionalTests/test/itg/1.7/index.webdriverio.js",
                "passes": [],
                "failures": [
                  {
                    "title": "should go to the catalog",
                    "fullTitle": "The Product Creation Check the product in the catalog should go to the catalog",
                    "timedOut": false,
                    "duration": 0,
                    "state": "failed",
                    "pass": false,
                    "fail": true,
                    "pending": false,
                    "code": "global.fctname= this.test.title;\n\t\t\tthis.client\n\t\t\t    .pause(5000)\n\t\t\t    .waitForExist(this.selector.more_option, 90000)\n        .click(this.selector.more_option)\n\t\t\t    .waitForExist(this.selector.go_to_catalog, 90000)\n        .click(this.selector.go_to_catalog)\n        .call(done);",
                    "err": {
                      "message": "Error: element not visible",
                      "estack": "Error: An element command could not be completed because the element is not visible on the page.\n    at elementIdClick(\"19\") - click.js:20:22"
                    },
                    "isRoot": false,
                    "uuid": "fa5792cf-4950-41bf-a580-eefa36f01dee",
                    "parentUUID": "9a9d2536-6cce-4eb3-8627-8e1d44f2ddbc",
                    "isHook": false,
                    "skipped": false
                  },
                  {
                    "title": "should search the product by name",
                    "fullTitle": "The Product Creation Check the product in the catalog should search the product by name",
                    "timedOut": false,
                    "duration": 0,
                    "state": "failed",
                    "pass": false,
                    "fail": true,
                    "pending": false,
                    "code": "global.fctname= this.test.title;\nthis.client\n\t\t\t\t.waitForExist(this.selector.catalogue_filter_by_name, 90000)\n\t\t\t\t.setValue(this.selector.catalogue_filter_by_name, 'test_nodejs_' + product_id)\n\t\t\t\t.click(this.selector.click_outside)\n\t\t\t\t.pause(2000)\n\t\t\t\t.click(this.selector.catalogue_submit_filter)\n\t\t\t\t.call(done);",
                    "err": {
                      "message": "Error: element (\"//input[@name=\"filter_column_name\"]\") still not existing after 90000ms",
                      "estack": "Error: element (\"//input[@name=\"filter_column_name\"]\") still not existing after 90000ms\n    at elements(\"//input[@name=\"filter_column_name\"]\") - isExisting.js:46:17\n    at isExisting(\"//input[@name=\"filter_column_name\"]\") - waitForExist.js:67:22"
                    },
                    "isRoot": false,
                    "uuid": "415c0f74-74f1-452c-9fc2-6ef56ebc4db0",
                    "parentUUID": "9a9d2536-6cce-4eb3-8627-8e1d44f2ddbc",
                    "isHook": false,
                    "skipped": false
                  },
                  {
                    "title": "should select the product name",
                    "fullTitle": "The Product Creation Check the product in the catalog should select the product name",
                    "timedOut": false,
                    "duration": 0,
                    "state": "failed",
                    "pass": false,
                    "fail": true,
                    "pending": false,
                    "code": "global.fctname= this.test.title;\nthis.client\n    .pause(1000)\n\t\t\t\t.waitForExist('//a[text()=\"test_nodejs_' + product_id + '\"]', 90000)\n\t\t\t\t.click('//a[text()=\"test_nodejs_' + product_id + '\"]')\n\t\t\t\t.waitForExist(this.selector.product_name, 90000)\n\t\t\t\t.call(done);",
                    "err": {
                      "message": "Error: element (\"//a[text()=\"test_nodejs_1501261163960\"]\") still not existing after 90000ms",
                      "estack": "Error: element (\"//a[text()=\"test_nodejs_1501261163960\"]\") still not existing after 90000ms\n    at elements(\"//a[text()=\"test_nodejs_1501261163960\"]\") - isExisting.js:46:17\n    at isExisting(\"//a[text()=\"test_nodejs_1501261163960\"]\") - waitForExist.js:67:22"
                    },
                    "isRoot": false,
                    "uuid": "47fff242-6198-4298-8737-3cffe7d20ffe",
                    "parentUUID": "9a9d2536-6cce-4eb3-8627-8e1d44f2ddbc",
                    "isHook": false,
                    "skipped": false
                  },
                  {
                    "title": "Should generate picture url",
                    "fullTitle": "The Product Creation Check the product in the catalog Should generate picture url",
                    "timedOut": false,
                    "duration": 0,
                    "state": "failed",
                    "pass": false,
                    "fail": true,
                    "pending": false,
                    "code": "picture_url = \"/img/p\";\nfor (var i = 0, len = image_data_id.length; i < len; i++) {\n\tpicture_url= picture_url + \"/\" + image_data_id[i];\n}\npicture_url = picture_url + \"/\" + image_data_id + \"-home_default.jpg\";\nthis.client.call(done);",
                    "err": {
                      "message": "ReferenceError: picture_url is not defined",
                      "estack": "ReferenceError: picture_url is not defined\n    at Context.<anonymous> (scenario/BO/create_product.webdriverio.js:199:16)"
                    },
                    "isRoot": false,
                    "uuid": "c78ead57-0c68-46cc-bb04-eee5730010f7",
                    "parentUUID": "9a9d2536-6cce-4eb3-8627-8e1d44f2ddbc",
                    "isHook": false,
                    "skipped": false
                  }
                ],
                "skipped": [],
                "hasBeforeHooks": false,
                "hasAfterHooks": false,
                "hasTests": true,
                "hasSuites": false,
                "totalTests": 4,
                "totalPasses": 0,
                "totalFailures": 4,
                "totalPending": 0,
                "totalSkipped": 0,
                "hasPasses": false,
                "hasFailures": true,
                "hasPending": false,
                "hasSkipped": false,
                "duration": 0,
                "rootEmpty": false
              },
              {
                "title": "Check the product in Back Office",
                "suites": [],
                "tests": [
                  {
                    "title": "should check the product name",
                    "fullTitle": "The Product Creation Check the product in Back Office should check the product name",
                    "timedOut": false,
                    "duration": 852,
                    "state": "passed",
                    "speed": "fast",
                    "pass": true,
                    "fail": false,
                    "pending": false,
                    "code": "global.fctname= this.test.title;\n\t\t\t\tthis.client\n    .getValue(this.selector.product_name).then(function(text) {\n        var my_name = text;\n        should(my_name).be.equal('test_nodejs_' + product_id);\n    })\n    .call(done);",
                    "err": {},
                    "isRoot": false,
                    "uuid": "77b10f57-029f-48c5-9ac9-14177c5e510b",
                    "parentUUID": "db9d2b38-ad75-4879-89fc-3c816c6b830a",
                    "isHook": false,
                    "skipped": false
                  },
                  {
                    "title": "should check the product summary",
                    "fullTitle": "The Product Creation Check the product in Back Office should check the product summary",
                    "timedOut": false,
                    "duration": 0,
                    "state": "failed",
                    "pass": false,
                    "fail": true,
                    "pending": false,
                    "code": "global.fctname= this.test.title;\n    this.client\n                    .execute(function() {\n                        document.querySelector('textarea#form_step1_description_short_1').style=\"\";\n                        })\n                    .getText('textarea#form_step1_description_short_1').then(function(text) {\n                        var my_summary = text;\n                        should(my_summary).be.equal(\"this the summary\");\n                    })\n                    .call(done);",
                    "err": {
                      "message": "AssertionError: expected '' to be 'this the summary'",
                      "estack": "AssertionError: expected '' to be 'this the summary'\n    at Assertion.fail (/projet/PSFunctionalTests/node_modules/should/cjs/should.js:326:17)\n    at Assertion.value (/projet/PSFunctionalTests/node_modules/should/cjs/should.js:398:19)\n    at Object.<anonymous> (scenario/BO/create_product.webdriverio.js:227:47)\n    at Object.exec (/projet/PSFunctionalTests/node_modules/webdriverio/build/lib/helpers/safeExecute.js:28:24)\n    at Object.resolve (/projet/PSFunctionalTests/node_modules/webdriverio/build/lib/webdriverio.js:189:29)\n    at /projet/PSFunctionalTests/node_modules/webdriverio/build/lib/webdriverio.js:538:32\n    at _fulfilled (/projet/PSFunctionalTests/node_modules/q/q.js:854:54)\n    at self.promiseDispatch.done (/projet/PSFunctionalTests/node_modules/q/q.js:883:30)\n    at Promise.promise.promiseDispatch (/projet/PSFunctionalTests/node_modules/q/q.js:816:13)\n    at /projet/PSFunctionalTests/node_modules/q/q.js:624:44\n    at runSingle (/projet/PSFunctionalTests/node_modules/q/q.js:137:13)\n    at flush (/projet/PSFunctionalTests/node_modules/q/q.js:125:13)\n    at _combinedTickCallback (internal/process/next_tick.js:67:7)\n    at process._tickDomainCallback (internal/process/next_tick.js:122:9)",
                      "diff": "+ this the summary\n"
                    },
                    "isRoot": false,
                    "uuid": "6e923ec2-d232-479a-bcb4-78d31c7c6aba",
                    "parentUUID": "db9d2b38-ad75-4879-89fc-3c816c6b830a",
                    "isHook": false,
                    "skipped": false
                  },
                  {
                    "title": "should check the product description",
                    "fullTitle": "The Product Creation Check the product in Back Office should check the product description",
                    "timedOut": false,
                    "duration": 0,
                    "state": "failed",
                    "pass": false,
                    "fail": true,
                    "pending": false,
                    "code": "global.fctname= this.test.title;\n    this.client\n                    .click(this.selector.description_button)\n                    .execute(function() {\n                        document.querySelector('textarea#form_step1_description_1').style=\"\";\n                        })\n                    .getText('textarea#form_step1_description_1').then(function(text) {\n                        var my_description = text;\n                        should(my_description).be.equal(\"this the description\");\n                    })\n                    .call(done);",
                    "err": {
                      "message": "AssertionError: expected '' to be 'this the description'",
                      "estack": "AssertionError: expected '' to be 'this the description'\n    at Assertion.fail (/projet/PSFunctionalTests/node_modules/should/cjs/should.js:326:17)\n    at Assertion.value (/projet/PSFunctionalTests/node_modules/should/cjs/should.js:398:19)\n    at Object.<anonymous> (scenario/BO/create_product.webdriverio.js:241:51)\n    at Object.exec (/projet/PSFunctionalTests/node_modules/webdriverio/build/lib/helpers/safeExecute.js:28:24)\n    at Object.resolve (/projet/PSFunctionalTests/node_modules/webdriverio/build/lib/webdriverio.js:189:29)\n    at /projet/PSFunctionalTests/node_modules/webdriverio/build/lib/webdriverio.js:538:32\n    at _fulfilled (/projet/PSFunctionalTests/node_modules/q/q.js:854:54)\n    at self.promiseDispatch.done (/projet/PSFunctionalTests/node_modules/q/q.js:883:30)\n    at Promise.promise.promiseDispatch (/projet/PSFunctionalTests/node_modules/q/q.js:816:13)\n    at /projet/PSFunctionalTests/node_modules/q/q.js:624:44\n    at runSingle (/projet/PSFunctionalTests/node_modules/q/q.js:137:13)\n    at flush (/projet/PSFunctionalTests/node_modules/q/q.js:125:13)\n    at _combinedTickCallback (internal/process/next_tick.js:67:7)\n    at process._tickDomainCallback (internal/process/next_tick.js:122:9)",
                      "diff": "+ this the description\n"
                    },
                    "isRoot": false,
                    "uuid": "5cc74c38-8c81-436e-a6b2-644b4a3eb471",
                    "parentUUID": "db9d2b38-ad75-4879-89fc-3c816c6b830a",
                    "isHook": false,
                    "skipped": false
                  },
                  {
                    "title": "should check the product price",
                    "fullTitle": "The Product Creation Check the product in Back Office should check the product price",
                    "timedOut": false,
                    "duration": 853,
                    "state": "passed",
                    "speed": "fast",
                    "pass": true,
                    "fail": false,
                    "pending": false,
                    "code": "global.fctname= this.test.title;\n                this.client\n                    .getValue(this.selector.priceTE_shortcut).then(function(text) {\n                        var my_priceTE = text;\n                        should(parseInt(my_priceTE)).be.equal(parseInt(\"5\"));\n                    })\n                    .call(done);",
                    "err": {},
                    "isRoot": false,
                    "uuid": "5799f865-a214-428c-bb6c-0737fe911ec4",
                    "parentUUID": "db9d2b38-ad75-4879-89fc-3c816c6b830a",
                    "isHook": false,
                    "skipped": false
                  },
                  {
                    "title": "should check the product quantity",
                    "fullTitle": "The Product Creation Check the product in Back Office should check the product quantity",
                    "timedOut": false,
                    "duration": 37,
                    "state": "passed",
                    "speed": "fast",
                    "pass": true,
                    "fail": false,
                    "pending": false,
                    "code": "global.fctname= this.test.title;\nthis.client\n    .getValue(this.selector.quantity_shortcut).then(function(text) {\n        var my_quantity = text;\n        should(parseInt(my_quantity)).be.equal(parseInt(\"10\"));\n    })\n    .call(done);",
                    "err": {},
                    "isRoot": false,
                    "uuid": "31beda1d-ed50-46d3-8fd4-d1aceb89e566",
                    "parentUUID": "db9d2b38-ad75-4879-89fc-3c816c6b830a",
                    "isHook": false,
                    "skipped": false
                  },
                  {
                    "title": "should check the product image",
                    "fullTitle": "The Product Creation Check the product in Back Office should check the product image",
                    "timedOut": false,
                    "duration": 0,
                    "state": "failed",
                    "pass": false,
                    "fail": true,
                    "pending": false,
                    "code": "global.fctname= this.test.title;\n                this.client\n                    .getAttribute('div[data-id=\"' + image_data_id + '\"] > div ', \"style\").then(function(text) {\n                        var my_picture_url_temp = text[0].split(\"url(\\\"\");\n                        var my_picture_url = my_picture_url_temp[1].split(\"\\\")\");\n                        var my_final_picture_url = my_picture_url[0].split(\"img/\");\n                        var final_picture_url = picture_url.split(\"img/\");\n                        should(my_final_picture_url[1]).be.equal(final_picture_url[1]);\n                    })\n                    .call(done);",
                    "err": {
                      "message": "TypeError: Cannot read property 'split' of undefined",
                      "estack": "TypeError: Cannot read property 'split' of undefined\n    at Object.<anonymous> (scenario/BO/create_product.webdriverio.js:271:68)\n    at Object.exec (/projet/PSFunctionalTests/node_modules/webdriverio/build/lib/helpers/safeExecute.js:28:24)\n    at Object.resolve (/projet/PSFunctionalTests/node_modules/webdriverio/build/lib/webdriverio.js:189:29)\n    at /projet/PSFunctionalTests/node_modules/webdriverio/build/lib/webdriverio.js:538:32\n    at _fulfilled (/projet/PSFunctionalTests/node_modules/q/q.js:854:54)\n    at self.promiseDispatch.done (/projet/PSFunctionalTests/node_modules/q/q.js:883:30)\n    at Promise.promise.promiseDispatch (/projet/PSFunctionalTests/node_modules/q/q.js:816:13)\n    at /projet/PSFunctionalTests/node_modules/q/q.js:624:44\n    at runSingle (/projet/PSFunctionalTests/node_modules/q/q.js:137:13)\n    at flush (/projet/PSFunctionalTests/node_modules/q/q.js:125:13)\n    at _combinedTickCallback (internal/process/next_tick.js:67:7)\n    at process._tickDomainCallback (internal/process/next_tick.js:122:9)"
                    },
                    "isRoot": false,
                    "uuid": "dcd13249-173b-4824-a7d5-0d1043c2ec30",
                    "parentUUID": "db9d2b38-ad75-4879-89fc-3c816c6b830a",
                    "isHook": false,
                    "skipped": false
                  }
                ],
                "pending": [],
                "root": false,
                "_timeout": 900000000,
                "file": "/index.webdriverio.js",
                "uuid": "db9d2b38-ad75-4879-89fc-3c816c6b830a",
                "beforeHooks": [],
                "afterHooks": [],
                "fullFile": "/projet/PSFunctionalTests/test/itg/1.7/index.webdriverio.js",
                "passes": [
                  {
                    "title": "should check the product name",
                    "fullTitle": "The Product Creation Check the product in Back Office should check the product name",
                    "timedOut": false,
                    "duration": 852,
                    "state": "passed",
                    "speed": "fast",
                    "pass": true,
                    "fail": false,
                    "pending": false,
                    "code": "global.fctname= this.test.title;\n\t\t\t\tthis.client\n    .getValue(this.selector.product_name).then(function(text) {\n        var my_name = text;\n        should(my_name).be.equal('test_nodejs_' + product_id);\n    })\n    .call(done);",
                    "err": {},
                    "isRoot": false,
                    "uuid": "77b10f57-029f-48c5-9ac9-14177c5e510b",
                    "parentUUID": "db9d2b38-ad75-4879-89fc-3c816c6b830a",
                    "isHook": false,
                    "skipped": false
                  },
                  {
                    "title": "should check the product price",
                    "fullTitle": "The Product Creation Check the product in Back Office should check the product price",
                    "timedOut": false,
                    "duration": 853,
                    "state": "passed",
                    "speed": "fast",
                    "pass": true,
                    "fail": false,
                    "pending": false,
                    "code": "global.fctname= this.test.title;\n                this.client\n                    .getValue(this.selector.priceTE_shortcut).then(function(text) {\n                        var my_priceTE = text;\n                        should(parseInt(my_priceTE)).be.equal(parseInt(\"5\"));\n                    })\n                    .call(done);",
                    "err": {},
                    "isRoot": false,
                    "uuid": "5799f865-a214-428c-bb6c-0737fe911ec4",
                    "parentUUID": "db9d2b38-ad75-4879-89fc-3c816c6b830a",
                    "isHook": false,
                    "skipped": false
                  },
                  {
                    "title": "should check the product quantity",
                    "fullTitle": "The Product Creation Check the product in Back Office should check the product quantity",
                    "timedOut": false,
                    "duration": 37,
                    "state": "passed",
                    "speed": "fast",
                    "pass": true,
                    "fail": false,
                    "pending": false,
                    "code": "global.fctname= this.test.title;\nthis.client\n    .getValue(this.selector.quantity_shortcut).then(function(text) {\n        var my_quantity = text;\n        should(parseInt(my_quantity)).be.equal(parseInt(\"10\"));\n    })\n    .call(done);",
                    "err": {},
                    "isRoot": false,
                    "uuid": "31beda1d-ed50-46d3-8fd4-d1aceb89e566",
                    "parentUUID": "db9d2b38-ad75-4879-89fc-3c816c6b830a",
                    "isHook": false,
                    "skipped": false
                  }
                ],
                "failures": [
                  {
                    "title": "should check the product summary",
                    "fullTitle": "The Product Creation Check the product in Back Office should check the product summary",
                    "timedOut": false,
                    "duration": 0,
                    "state": "failed",
                    "pass": false,
                    "fail": true,
                    "pending": false,
                    "code": "global.fctname= this.test.title;\n    this.client\n                    .execute(function() {\n                        document.querySelector('textarea#form_step1_description_short_1').style=\"\";\n                        })\n                    .getText('textarea#form_step1_description_short_1').then(function(text) {\n                        var my_summary = text;\n                        should(my_summary).be.equal(\"this the summary\");\n                    })\n                    .call(done);",
                    "err": {
                      "message": "AssertionError: expected '' to be 'this the summary'",
                      "estack": "AssertionError: expected '' to be 'this the summary'\n    at Assertion.fail (/projet/PSFunctionalTests/node_modules/should/cjs/should.js:326:17)\n    at Assertion.value (/projet/PSFunctionalTests/node_modules/should/cjs/should.js:398:19)\n    at Object.<anonymous> (scenario/BO/create_product.webdriverio.js:227:47)\n    at Object.exec (/projet/PSFunctionalTests/node_modules/webdriverio/build/lib/helpers/safeExecute.js:28:24)\n    at Object.resolve (/projet/PSFunctionalTests/node_modules/webdriverio/build/lib/webdriverio.js:189:29)\n    at /projet/PSFunctionalTests/node_modules/webdriverio/build/lib/webdriverio.js:538:32\n    at _fulfilled (/projet/PSFunctionalTests/node_modules/q/q.js:854:54)\n    at self.promiseDispatch.done (/projet/PSFunctionalTests/node_modules/q/q.js:883:30)\n    at Promise.promise.promiseDispatch (/projet/PSFunctionalTests/node_modules/q/q.js:816:13)\n    at /projet/PSFunctionalTests/node_modules/q/q.js:624:44\n    at runSingle (/projet/PSFunctionalTests/node_modules/q/q.js:137:13)\n    at flush (/projet/PSFunctionalTests/node_modules/q/q.js:125:13)\n    at _combinedTickCallback (internal/process/next_tick.js:67:7)\n    at process._tickDomainCallback (internal/process/next_tick.js:122:9)",
                      "diff": "+ this the summary\n"
                    },
                    "isRoot": false,
                    "uuid": "6e923ec2-d232-479a-bcb4-78d31c7c6aba",
                    "parentUUID": "db9d2b38-ad75-4879-89fc-3c816c6b830a",
                    "isHook": false,
                    "skipped": false
                  },
                  {
                    "title": "should check the product description",
                    "fullTitle": "The Product Creation Check the product in Back Office should check the product description",
                    "timedOut": false,
                    "duration": 0,
                    "state": "failed",
                    "pass": false,
                    "fail": true,
                    "pending": false,
                    "code": "global.fctname= this.test.title;\n    this.client\n                    .click(this.selector.description_button)\n                    .execute(function() {\n                        document.querySelector('textarea#form_step1_description_1').style=\"\";\n                        })\n                    .getText('textarea#form_step1_description_1').then(function(text) {\n                        var my_description = text;\n                        should(my_description).be.equal(\"this the description\");\n                    })\n                    .call(done);",
                    "err": {
                      "message": "AssertionError: expected '' to be 'this the description'",
                      "estack": "AssertionError: expected '' to be 'this the description'\n    at Assertion.fail (/projet/PSFunctionalTests/node_modules/should/cjs/should.js:326:17)\n    at Assertion.value (/projet/PSFunctionalTests/node_modules/should/cjs/should.js:398:19)\n    at Object.<anonymous> (scenario/BO/create_product.webdriverio.js:241:51)\n    at Object.exec (/projet/PSFunctionalTests/node_modules/webdriverio/build/lib/helpers/safeExecute.js:28:24)\n    at Object.resolve (/projet/PSFunctionalTests/node_modules/webdriverio/build/lib/webdriverio.js:189:29)\n    at /projet/PSFunctionalTests/node_modules/webdriverio/build/lib/webdriverio.js:538:32\n    at _fulfilled (/projet/PSFunctionalTests/node_modules/q/q.js:854:54)\n    at self.promiseDispatch.done (/projet/PSFunctionalTests/node_modules/q/q.js:883:30)\n    at Promise.promise.promiseDispatch (/projet/PSFunctionalTests/node_modules/q/q.js:816:13)\n    at /projet/PSFunctionalTests/node_modules/q/q.js:624:44\n    at runSingle (/projet/PSFunctionalTests/node_modules/q/q.js:137:13)\n    at flush (/projet/PSFunctionalTests/node_modules/q/q.js:125:13)\n    at _combinedTickCallback (internal/process/next_tick.js:67:7)\n    at process._tickDomainCallback (internal/process/next_tick.js:122:9)",
                      "diff": "+ this the description\n"
                    },
                    "isRoot": false,
                    "uuid": "5cc74c38-8c81-436e-a6b2-644b4a3eb471",
                    "parentUUID": "db9d2b38-ad75-4879-89fc-3c816c6b830a",
                    "isHook": false,
                    "skipped": false
                  },
                  {
                    "title": "should check the product image",
                    "fullTitle": "The Product Creation Check the product in Back Office should check the product image",
                    "timedOut": false,
                    "duration": 0,
                    "state": "failed",
                    "pass": false,
                    "fail": true,
                    "pending": false,
                    "code": "global.fctname= this.test.title;\n                this.client\n                    .getAttribute('div[data-id=\"' + image_data_id + '\"] > div ', \"style\").then(function(text) {\n                        var my_picture_url_temp = text[0].split(\"url(\\\"\");\n                        var my_picture_url = my_picture_url_temp[1].split(\"\\\")\");\n                        var my_final_picture_url = my_picture_url[0].split(\"img/\");\n                        var final_picture_url = picture_url.split(\"img/\");\n                        should(my_final_picture_url[1]).be.equal(final_picture_url[1]);\n                    })\n                    .call(done);",
                    "err": {
                      "message": "TypeError: Cannot read property 'split' of undefined",
                      "estack": "TypeError: Cannot read property 'split' of undefined\n    at Object.<anonymous> (scenario/BO/create_product.webdriverio.js:271:68)\n    at Object.exec (/projet/PSFunctionalTests/node_modules/webdriverio/build/lib/helpers/safeExecute.js:28:24)\n    at Object.resolve (/projet/PSFunctionalTests/node_modules/webdriverio/build/lib/webdriverio.js:189:29)\n    at /projet/PSFunctionalTests/node_modules/webdriverio/build/lib/webdriverio.js:538:32\n    at _fulfilled (/projet/PSFunctionalTests/node_modules/q/q.js:854:54)\n    at self.promiseDispatch.done (/projet/PSFunctionalTests/node_modules/q/q.js:883:30)\n    at Promise.promise.promiseDispatch (/projet/PSFunctionalTests/node_modules/q/q.js:816:13)\n    at /projet/PSFunctionalTests/node_modules/q/q.js:624:44\n    at runSingle (/projet/PSFunctionalTests/node_modules/q/q.js:137:13)\n    at flush (/projet/PSFunctionalTests/node_modules/q/q.js:125:13)\n    at _combinedTickCallback (internal/process/next_tick.js:67:7)\n    at process._tickDomainCallback (internal/process/next_tick.js:122:9)"
                    },
                    "isRoot": false,
                    "uuid": "dcd13249-173b-4824-a7d5-0d1043c2ec30",
                    "parentUUID": "db9d2b38-ad75-4879-89fc-3c816c6b830a",
                    "isHook": false,
                    "skipped": false
                  }
                ],
                "skipped": [],
                "hasBeforeHooks": false,
                "hasAfterHooks": false,
                "hasTests": true,
                "hasSuites": false,
                "totalTests": 6,
                "totalPasses": 3,
                "totalFailures": 3,
                "totalPending": 0,
                "totalSkipped": 0,
                "hasPasses": true,
                "hasFailures": true,
                "hasPending": false,
                "hasSkipped": false,
                "duration": 1742,
                "rootEmpty": false
              },
              {
                "title": "Log out in Back Office",
                "suites": [],
                "tests": [
                  {
                    "title": "should log out successfully in BO",
                    "fullTitle": "The Product Creation Log out in Back Office should log out successfully in BO",
                    "timedOut": false,
                    "duration": 1,
                    "state": "passed",
                    "speed": "fast",
                    "pass": true,
                    "fail": false,
                    "pending": false,
                    "code": "global.fctname= this.test.title;\n\t\t\tthis.client\n\t\t\t\t.signoutBO2()\n\t\t\t\t.call(done);",
                    "err": {},
                    "isRoot": false,
                    "uuid": "90c7266f-8d00-4ace-9f6e-27c89632faa0",
                    "parentUUID": "d250fbdf-ccdb-4f28-8edf-a39e472bea10",
                    "isHook": false,
                    "skipped": false
                  }
                ],
                "pending": [],
                "root": false,
                "_timeout": 900000000,
                "file": "/index.webdriverio.js",
                "uuid": "d250fbdf-ccdb-4f28-8edf-a39e472bea10",
                "beforeHooks": [],
                "afterHooks": [],
                "fullFile": "/projet/PSFunctionalTests/test/itg/1.7/index.webdriverio.js",
                "passes": [
                  {
                    "title": "should log out successfully in BO",
                    "fullTitle": "The Product Creation Log out in Back Office should log out successfully in BO",
                    "timedOut": false,
                    "duration": 1,
                    "state": "passed",
                    "speed": "fast",
                    "pass": true,
                    "fail": false,
                    "pending": false,
                    "code": "global.fctname= this.test.title;\n\t\t\tthis.client\n\t\t\t\t.signoutBO2()\n\t\t\t\t.call(done);",
                    "err": {},
                    "isRoot": false,
                    "uuid": "90c7266f-8d00-4ace-9f6e-27c89632faa0",
                    "parentUUID": "d250fbdf-ccdb-4f28-8edf-a39e472bea10",
                    "isHook": false,
                    "skipped": false
                  }
                ],
                "failures": [],
                "skipped": [],
                "hasBeforeHooks": false,
                "hasAfterHooks": false,
                "hasTests": true,
                "hasSuites": false,
                "totalTests": 1,
                "totalPasses": 1,
                "totalFailures": 0,
                "totalPending": 0,
                "totalSkipped": 0,
                "hasPasses": true,
                "hasFailures": false,
                "hasPending": false,
                "hasSkipped": false,
                "duration": 1,
                "rootEmpty": false
              }
            ],
            "tests": [],
            "pending": [],
            "root": false,
            "_timeout": 900000000,
            "file": "/index.webdriverio.js",
            "uuid": "138d0ce4-5763-4bfa-a7de-bdf649eff4b7",
            "beforeHooks": [
              {
                "title": "\"before all\" hook",
                "fullTitle": "Allscenario The Product Creation \"before all\" hook",
                "timedOut": false,
                "duration": 0,
                "pass": false,
                "fail": false,
                "pending": false,
                "code": "this.selector = globals.selector;\nthis.client.call(done);",
                "err": {},
                "isRoot": false,
                "uuid": "efc2179a-9b04-428f-9529-7c3b718814c7",
                "parentUUID": "138d0ce4-5763-4bfa-a7de-bdf649eff4b7",
                "isHook": true,
                "skipped": false
              }
            ],
            "afterHooks": [
              {
                "title": "\"after all\" hook: after",
                "fullTitle": "Allscenario The Product Creation \"after all\" hook: after",
                "timedOut": false,
                "duration": 0,
                "pass": false,
                "fail": false,
                "pending": false,
                "code": "done();",
                "err": {},
                "isRoot": false,
                "uuid": "fd8a53c7-d017-4897-84ae-17fe971fb688",
                "parentUUID": "138d0ce4-5763-4bfa-a7de-bdf649eff4b7",
                "isHook": true,
                "skipped": false
              }
            ],
            "fullFile": "/projet/PSFunctionalTests/test/itg/1.7/index.webdriverio.js",
            "passes": [],
            "failures": [],
            "skipped": [],
            "hasBeforeHooks": true,
            "hasAfterHooks": true,
            "hasTests": false,
            "hasSuites": true,
            "totalTests": 0,
            "totalPasses": 0,
            "totalFailures": 0,
            "totalPending": 0,
            "totalSkipped": 0,
            "hasPasses": false,
            "hasFailures": false,
            "hasPending": false,
            "hasSkipped": false,
            "duration": 0,
            "rootEmpty": false
          },
          {
            "title": "The Check of the Product in Front Office",
            "suites": [
              {
                "title": "Open the shop",
                "suites": [],
                "tests": [
                  {
                    "title": "should acces to the Front Office",
                    "fullTitle": "The Check of the Product in Front Office Open the shop should acces to the Front Office",
                    "timedOut": false,
                    "duration": 1690,
                    "state": "passed",
                    "speed": "fast",
                    "pass": true,
                    "fail": false,
                    "pending": false,
                    "code": "global.fctname= this.test.title;\n\tthis.client\n\t\t.url('http://' + URL)\n\t\t.call(done);",
                    "err": {},
                    "isRoot": false,
                    "uuid": "3900016f-f769-42e8-8cc0-b8342617ed96",
                    "parentUUID": "d2bd281a-82da-4851-b6cc-4e3c3c2d9a45",
                    "isHook": false,
                    "skipped": false
                  }
                ],
                "pending": [],
                "root": false,
                "_timeout": 900000000,
                "file": "/index.webdriverio.js",
                "uuid": "d2bd281a-82da-4851-b6cc-4e3c3c2d9a45",
                "beforeHooks": [],
                "afterHooks": [],
                "fullFile": "/projet/PSFunctionalTests/test/itg/1.7/index.webdriverio.js",
                "passes": [
                  {
                    "title": "should acces to the Front Office",
                    "fullTitle": "The Check of the Product in Front Office Open the shop should acces to the Front Office",
                    "timedOut": false,
                    "duration": 1690,
                    "state": "passed",
                    "speed": "fast",
                    "pass": true,
                    "fail": false,
                    "pending": false,
                    "code": "global.fctname= this.test.title;\n\tthis.client\n\t\t.url('http://' + URL)\n\t\t.call(done);",
                    "err": {},
                    "isRoot": false,
                    "uuid": "3900016f-f769-42e8-8cc0-b8342617ed96",
                    "parentUUID": "d2bd281a-82da-4851-b6cc-4e3c3c2d9a45",
                    "isHook": false,
                    "skipped": false
                  }
                ],
                "failures": [],
                "skipped": [],
                "hasBeforeHooks": false,
                "hasAfterHooks": false,
                "hasTests": true,
                "hasSuites": false,
                "totalTests": 1,
                "totalPasses": 1,
                "totalFailures": 0,
                "totalPending": 0,
                "totalSkipped": 0,
                "hasPasses": true,
                "hasFailures": false,
                "hasPending": false,
                "hasSkipped": false,
                "duration": 1690,
                "rootEmpty": false
              },
              {
                "title": "Check the product",
                "suites": [],
                "tests": [
                  {
                    "title": "should search for the product",
                    "fullTitle": "The Check of the Product in Front Office Check the product should search for the product",
                    "timedOut": false,
                    "duration": 1106,
                    "state": "passed",
                    "speed": "fast",
                    "pass": true,
                    "fail": false,
                    "pending": false,
                    "code": "global.fctname= this.test.title;\n\tthis.client\n\t\t.waitForExist(this.selector.search_product, 90000)\n\t\t.setValue(this.selector.search_product, 'test_nodejs_' + product_id)\n\t\t.click(this.selector.search_product_button)\n\t\t.call(done);",
                    "err": {},
                    "isRoot": false,
                    "uuid": "4f377ab8-e034-42db-96ef-1ecdb5206325",
                    "parentUUID": "2f6c42eb-6258-4f1e-970e-e44c56431819",
                    "isHook": false,
                    "skipped": false
                  },
                  {
                    "title": "should check the product name",
                    "fullTitle": "The Check of the Product in Front Office Check the product should check the product name",
                    "timedOut": false,
                    "duration": 0,
                    "state": "failed",
                    "pass": false,
                    "fail": true,
                    "pending": false,
                    "code": "global.fctname= this.test.title;\n\t\t\tthis.client\n\t\t\t\t.waitForExist(this.selector.search_product_result_name, 90000)\n\t\t\t\t.getText(this.selector.search_product_result_name).then(function(text) {\n\t\t\t\t\tvar my_name = text;\n\t\t\t\t\tshould(my_name.toLowerCase()).be.equal('test_nodejs_' + product_id);\n\t\t\t\t})\n\t\t\t\t.call(done);",
                    "err": {
                      "message": "AssertionError: expected 'test_nodejs_1500370245265' to be 'test_nodejs_1501261163960'",
                      "estack": "AssertionError: expected 'test_nodejs_1500370245265' to be 'test_nodejs_1501261163960'\n    at Assertion.fail (/projet/PSFunctionalTests/node_modules/should/cjs/should.js:326:17)\n    at Assertion.value (/projet/PSFunctionalTests/node_modules/should/cjs/should.js:398:19)\n    at Object.<anonymous> (scenario/FO/check_product.webdriverio.js:42:39)\n    at Object.exec (/projet/PSFunctionalTests/node_modules/webdriverio/build/lib/helpers/safeExecute.js:28:24)\n    at Object.resolve (/projet/PSFunctionalTests/node_modules/webdriverio/build/lib/webdriverio.js:189:29)\n    at /projet/PSFunctionalTests/node_modules/webdriverio/build/lib/webdriverio.js:538:32\n    at _fulfilled (/projet/PSFunctionalTests/node_modules/q/q.js:854:54)\n    at self.promiseDispatch.done (/projet/PSFunctionalTests/node_modules/q/q.js:883:30)\n    at Promise.promise.promiseDispatch (/projet/PSFunctionalTests/node_modules/q/q.js:816:13)\n    at /projet/PSFunctionalTests/node_modules/q/q.js:624:44\n    at runSingle (/projet/PSFunctionalTests/node_modules/q/q.js:137:13)\n    at flush (/projet/PSFunctionalTests/node_modules/q/q.js:125:13)\n    at _combinedTickCallback (internal/process/next_tick.js:67:7)\n    at process._tickDomainCallback (internal/process/next_tick.js:122:9)",
                      "diff": "- test_nodejs_1500370245265\n+ test_nodejs_1501261163960\n"
                    },
                    "isRoot": false,
                    "uuid": "0a5d262d-8343-49fd-9494-6850f1d45a75",
                    "parentUUID": "2f6c42eb-6258-4f1e-970e-e44c56431819",
                    "isHook": false,
                    "skipped": false
                  },
                  {
                    "title": "should check the product price",
                    "fullTitle": "The Check of the Product in Front Office Check the product should check the product price",
                    "timedOut": false,
                    "duration": 0,
                    "state": "failed",
                    "pass": false,
                    "fail": true,
                    "pending": false,
[...]
      },
      "isRoot": false,
      "uuid": "b8e47ebd-e9d6-4918-b20a-e237d110f0c9",
      "parentUUID": "69a8bdb8-4b61-43df-b4f2-8c5c0c66094c",
      "isHook": false,
      "skipped": false
    },
    {
      "title": "should go to the catalog",
      "fullTitle": "Check the product in the catalog should go to the catalog",
      "timedOut": false,
      "duration": 0,
      "state": "failed",
      "pass": false,
      "fail": true,
      "pending": false,
      "code": "global.fctname= this.test.title;\n\t\t\tthis.client\n\t\t\t    .pause(5000)\n\t\t\t    .waitForExist(this.selector.more_option, 90000)\n        .click(this.selector.more_option)\n\t\t\t    .waitForExist(this.selector.go_to_catalog, 90000)\n        .click(this.selector.go_to_catalog)\n        .call(done);",
      "err": {
        "message": "Error: element not visible",
        "estack": "Error: An element command could not be completed because the element is not visible on the page.\n    at elementIdClick(\"19\") - click.js:20:22"
      },
      "isRoot": false,
      "uuid": "fa5792cf-4950-41bf-a580-eefa36f01dee",
      "parentUUID": "9a9d2536-6cce-4eb3-8627-8e1d44f2ddbc",
      "isHook": false,
      "skipped": false
    },
    {
      "title": "should search the product by name",
      "fullTitle": "Check the product in the catalog should search the product by name",
      "timedOut": false,
      "duration": 0,
      "state": "failed",
      "pass": false,
      "fail": true,
      "pending": false,
      "code": "global.fctname= this.test.title;\nthis.client\n\t\t\t\t.waitForExist(this.selector.catalogue_filter_by_name, 90000)\n\t\t\t\t.setValue(this.selector.catalogue_filter_by_name, 'test_nodejs_' + product_id)\n\t\t\t\t.click(this.selector.click_outside)\n\t\t\t\t.pause(2000)\n\t\t\t\t.click(this.selector.catalogue_submit_filter)\n\t\t\t\t.call(done);",
      "err": {
        "message": "Error: element (\"//input[@name=\"filter_column_name\"]\") still not existing after 90000ms",
        "estack": "Error: element (\"//input[@name=\"filter_column_name\"]\") still not existing after 90000ms\n    at elements(\"//input[@name=\"filter_column_name\"]\") - isExisting.js:46:17\n    at isExisting(\"//input[@name=\"filter_column_name\"]\") - waitForExist.js:67:22"
      },
      "isRoot": false,
      "uuid": "415c0f74-74f1-452c-9fc2-6ef56ebc4db0",
      "parentUUID": "9a9d2536-6cce-4eb3-8627-8e1d44f2ddbc",
      "isHook": false,
      "skipped": false
    },
    {
      "title": "should select the product name",
      "fullTitle": "Check the product in the catalog should select the product name",
      "timedOut": false,
      "duration": 0,
      "state": "failed",
      "pass": false,
      "fail": true,
      "pending": false,
      "code": "global.fctname= this.test.title;\nthis.client\n    .pause(1000)\n\t\t\t\t.waitForExist('//a[text()=\"test_nodejs_' + product_id + '\"]', 90000)\n\t\t\t\t.click('//a[text()=\"test_nodejs_' + product_id + '\"]')\n\t\t\t\t.waitForExist(this.selector.product_name, 90000)\n\t\t\t\t.call(done);",
      "err": {
        "message": "Error: element (\"//a[text()=\"test_nodejs_1501261163960\"]\") still not existing after 90000ms",
        "estack": "Error: element (\"//a[text()=\"test_nodejs_1501261163960\"]\") still not existing after 90000ms\n    at elements(\"//a[text()=\"test_nodejs_1501261163960\"]\") - isExisting.js:46:17\n    at isExisting(\"//a[text()=\"test_nodejs_1501261163960\"]\") - waitForExist.js:67:22"
      },
      "isRoot": false,
      "uuid": "47fff242-6198-4298-8737-3cffe7d20ffe",
      "parentUUID": "9a9d2536-6cce-4eb3-8627-8e1d44f2ddbc",
      "isHook": false,
      "skipped": false
    },
    {
      "title": "Should generate picture url",
      "fullTitle": "Check the product in the catalog Should generate picture url",
      "timedOut": false,
      "duration": 0,
      "state": "failed",
      "pass": false,
      "fail": true,
      "pending": false,
      "code": "picture_url = \"/img/p\";\nfor (var i = 0, len = image_data_id.length; i < len; i++) {\n\tpicture_url= picture_url + \"/\" + image_data_id[i];\n}\npicture_url = picture_url + \"/\" + image_data_id + \"-home_default.jpg\";\nthis.client.call(done);",
      "err": {
        "message": "ReferenceError: picture_url is not defined",
        "estack": "ReferenceError: picture_url is not defined\n    at Context.<anonymous> (scenario/BO/create_product.webdriverio.js:199:16)"
      },
      "isRoot": false,
      "uuid": "c78ead57-0c68-46cc-bb04-eee5730010f7",
      "parentUUID": "9a9d2536-6cce-4eb3-8627-8e1d44f2ddbc",
      "isHook": false,
      "skipped": false
    },
    {
      "title": "should check the product summary",
      "fullTitle": "Check the product in Back Office should check the product summary",
      "timedOut": false,
      "duration": 0,
      "state": "failed",
      "pass": false,
      "fail": true,
      "pending": false,
      "code": "global.fctname= this.test.title;\n    this.client\n                    .execute(function() {\n                        document.querySelector('textarea#form_step1_description_short_1').style=\"\";\n                        })\n                    .getText('textarea#form_step1_description_short_1').then(function(text) {\n                        var my_summary = text;\n                        should(my_summary).be.equal(\"this the summary\");\n                    })\n                    .call(done);",
      "err": {
        "message": "AssertionError: expected '' to be 'this the summary'",
        "estack": "AssertionError: expected '' to be 'this the summary'\n    at Assertion.fail (/projet/PSFunctionalTests/node_modules/should/cjs/should.js:326:17)\n    at Assertion.value (/projet/PSFunctionalTests/node_modules/should/cjs/should.js:398:19)\n    at Object.<anonymous> (scenario/BO/create_product.webdriverio.js:227:47)\n    at Object.exec (/projet/PSFunctionalTests/node_modules/webdriverio/build/lib/helpers/safeExecute.js:28:24)\n    at Object.resolve (/projet/PSFunctionalTests/node_modules/webdriverio/build/lib/webdriverio.js:189:29)\n    at /projet/PSFunctionalTests/node_modules/webdriverio/build/lib/webdriverio.js:538:32\n    at _fulfilled (/projet/PSFunctionalTests/node_modules/q/q.js:854:54)\n    at self.promiseDispatch.done (/projet/PSFunctionalTests/node_modules/q/q.js:883:30)\n    at Promise.promise.promiseDispatch (/projet/PSFunctionalTests/node_modules/q/q.js:816:13)\n    at /projet/PSFunctionalTests/node_modules/q/q.js:624:44\n    at runSingle (/projet/PSFunctionalTests/node_modules/q/q.js:137:13)\n    at flush (/projet/PSFunctionalTests/node_modules/q/q.js:125:13)\n    at _combinedTickCallback (internal/process/next_tick.js:67:7)\n    at process._tickDomainCallback (internal/process/next_tick.js:122:9)",
        "diff": "+ this the summary\n"
      },
      "isRoot": false,
      "uuid": "6e923ec2-d232-479a-bcb4-78d31c7c6aba",
      "parentUUID": "db9d2b38-ad75-4879-89fc-3c816c6b830a",
      "isHook": false,
      "skipped": false
    },
    {
      "title": "should check the product description",
      "fullTitle": "Check the product in Back Office should check the product description",
      "timedOut": false,
      "duration": 0,
      "state": "failed",
      "pass": false,
      "fail": true,
      "pending": false,
      "code": "global.fctname= this.test.title;\n    this.client\n                    .click(this.selector.description_button)\n                    .execute(function() {\n                        document.querySelector('textarea#form_step1_description_1').style=\"\";\n                        })\n                    .getText('textarea#form_step1_description_1').then(function(text) {\n                        var my_description = text;\n                        should(my_description).be.equal(\"this the description\");\n                    })\n                    .call(done);",
      "err": {
        "message": "AssertionError: expected '' to be 'this the description'",
        "estack": "AssertionError: expected '' to be 'this the description'\n    at Assertion.fail (/projet/PSFunctionalTests/node_modules/should/cjs/should.js:326:17)\n    at Assertion.value (/projet/PSFunctionalTests/node_modules/should/cjs/should.js:398:19)\n    at Object.<anonymous> (scenario/BO/create_product.webdriverio.js:241:51)\n    at Object.exec (/projet/PSFunctionalTests/node_modules/webdriverio/build/lib/helpers/safeExecute.js:28:24)\n    at Object.resolve (/projet/PSFunctionalTests/node_modules/webdriverio/build/lib/webdriverio.js:189:29)\n    at /projet/PSFunctionalTests/node_modules/webdriverio/build/lib/webdriverio.js:538:32\n    at _fulfilled (/projet/PSFunctionalTests/node_modules/q/q.js:854:54)\n    at self.promiseDispatch.done (/projet/PSFunctionalTests/node_modules/q/q.js:883:30)\n    at Promise.promise.promiseDispatch (/projet/PSFunctionalTests/node_modules/q/q.js:816:13)\n    at /projet/PSFunctionalTests/node_modules/q/q.js:624:44\n    at runSingle (/projet/PSFunctionalTests/node_modules/q/q.js:137:13)\n    at flush (/projet/PSFunctionalTests/node_modules/q/q.js:125:13)\n    at _combinedTickCallback (internal/process/next_tick.js:67:7)\n    at process._tickDomainCallback (internal/process/next_tick.js:122:9)",
        "diff": "+ this the description\n"
      },
      "isRoot": false,
      "uuid": "5cc74c38-8c81-436e-a6b2-644b4a3eb471",
      "parentUUID": "db9d2b38-ad75-4879-89fc-3c816c6b830a",
      "isHook": false,
      "skipped": false
    },
    {
      "title": "should check the product image",
      "fullTitle": "Check the product in Back Office should check the product image",
      "timedOut": false,
      "duration": 0,
      "state": "failed",
      "pass": false,
      "fail": true,
      "pending": false,
      "code": "global.fctname= this.test.title;\n                this.client\n                    .getAttribute('div[data-id=\"' + image_data_id + '\"] > div ', \"style\").then(function(text) {\n                        var my_picture_url_temp = text[0].split(\"url(\\\"\");\n                        var my_picture_url = my_picture_url_temp[1].split(\"\\\")\");\n                        var my_final_picture_url = my_picture_url[0].split(\"img/\");\n                        var final_picture_url = picture_url.split(\"img/\");\n                        should(my_final_picture_url[1]).be.equal(final_picture_url[1]);\n                    })\n                    .call(done);",
      "err": {
        "message": "TypeError: Cannot read property 'split' of undefined",
        "estack": "TypeError: Cannot read property 'split' of undefined\n    at Object.<anonymous> (scenario/BO/create_product.webdriverio.js:271:68)\n    at Object.exec (/projet/PSFunctionalTests/node_modules/webdriverio/build/lib/helpers/safeExecute.js:28:24)\n    at Object.resolve (/projet/PSFunctionalTests/node_modules/webdriverio/build/lib/webdriverio.js:189:29)\n    at /projet/PSFunctionalTests/node_modules/webdriverio/build/lib/webdriverio.js:538:32\n    at _fulfilled (/projet/PSFunctionalTests/node_modules/q/q.js:854:54)\n    at self.promiseDispatch.done (/projet/PSFunctionalTests/node_modules/q/q.js:883:30)\n    at Promise.promise.promiseDispatch (/projet/PSFunctionalTests/node_modules/q/q.js:816:13)\n    at /projet/PSFunctionalTests/node_modules/q/q.js:624:44\n    at runSingle (/projet/PSFunctionalTests/node_modules/q/q.js:137:13)\n    at flush (/projet/PSFunctionalTests/node_modules/q/q.js:125:13)\n    at _combinedTickCallback (internal/process/next_tick.js:67:7)\n    at process._tickDomainCallback (internal/process/next_tick.js:122:9)"
      },
      "isRoot": false,
      "uuid": "dcd13249-173b-4824-a7d5-0d1043c2ec30",
      "parentUUID": "db9d2b38-ad75-4879-89fc-3c816c6b830a",
      "isHook": false,
      "skipped": false
    },
    {
      "title": "should check the product name",
      "fullTitle": "Check the product should check the product name",
      "timedOut": false,
      "duration": 0,
      "state": "failed",
      "pass": false,
      "fail": true,
      "pending": false,
      "code": "global.fctname= this.test.title;\n\t\t\tthis.client\n\t\t\t\t.waitForExist(this.selector.search_product_result_name, 90000)\n\t\t\t\t.getText(this.selector.search_product_result_name).then(function(text) {\n\t\t\t\t\tvar my_name = text;\n\t\t\t\t\tshould(my_name.toLowerCase()).be.equal('test_nodejs_' + product_id);\n\t\t\t\t})\n\t\t\t\t.call(done);",
      "err": {
        "message": "AssertionError: expected 'test_nodejs_1500370245265' to be 'test_nodejs_1501261163960'",
        "estack": "AssertionError: expected 'test_nodejs_1500370245265' to be 'test_nodejs_1501261163960'\n    at Assertion.fail (/projet/PSFunctionalTests/node_modules/should/cjs/should.js:326:17)\n    at Assertion.value (/projet/PSFunctionalTests/node_modules/should/cjs/should.js:398:19)\n    at Object.<anonymous> (scenario/FO/check_product.webdriverio.js:42:39)\n    at Object.exec (/projet/PSFunctionalTests/node_modules/webdriverio/build/lib/helpers/safeExecute.js:28:24)\n    at Object.resolve (/projet/PSFunctionalTests/node_modules/webdriverio/build/lib/webdriverio.js:189:29)\n    at /projet/PSFunctionalTests/node_modules/webdriverio/build/lib/webdriverio.js:538:32\n    at _fulfilled (/projet/PSFunctionalTests/node_modules/q/q.js:854:54)\n    at self.promiseDispatch.done (/projet/PSFunctionalTests/node_modules/q/q.js:883:30)\n    at Promise.promise.promiseDispatch (/projet/PSFunctionalTests/node_modules/q/q.js:816:13)\n    at /projet/PSFunctionalTests/node_modules/q/q.js:624:44\n    at runSingle (/projet/PSFunctionalTests/node_modules/q/q.js:137:13)\n    at flush (/projet/PSFunctionalTests/node_modules/q/q.js:125:13)\n    at _combinedTickCallback (internal/process/next_tick.js:67:7)\n    at process._tickDomainCallback (internal/process/next_tick.js:122:9)",
        "diff": "- test_nodejs_1500370245265\n+ test_nodejs_1501261163960\n"
      },
      "isRoot": false,
      "uuid": "0a5d262d-8343-49fd-9494-6850f1d45a75",
      "parentUUID": "2f6c42eb-6258-4f1e-970e-e44c56431819",
      "isHook": false,
      "skipped": false
    },
    {
      "title": "should check the product price",
      "fullTitle": "Check the product should check the product price",
      "timedOut": false,
      "duration": 0,
      "state": "failed",
      "pass": false,
      "fail": true,
      "pending": false,
      "code": "global.fctname= this.test.title;\n\tthis.client\n\t\t.getText(this.selector.search_product_result_price).then(function(text) {\n\t\t\tvar my_price = text;\n\t\t\tshould(my_price).be.equal(\"€6.00\");\n\t\t})\n\t\t.call(done);",
      "err": {
        "message": "AssertionError: expected Array [ '6,00 €', '6,00 €', '6,00 €', '6,00 €', '6,00 €', '6,00 €', '6,00 €' ] to be '€6.00'",
        "estack": "AssertionError: expected Array [ '6,00 €', '6,00 €', '6,00 €', '6,00 €', '6,00 €', '6,00 €', '6,00 €' ] to be '€6.00'\n    at Assertion.fail (/projet/PSFunctionalTests/node_modules/should/cjs/should.js:326:17)\n    at Assertion.value (/projet/PSFunctionalTests/node_modules/should/cjs/should.js:398:19)\n    at Object.<anonymous> (scenario/FO/check_product.webdriverio.js:52:26)\n    at Object.exec (/projet/PSFunctionalTests/node_modules/webdriverio/build/lib/helpers/safeExecute.js:28:24)\n    at Object.resolve (/projet/PSFunctionalTests/node_modules/webdriverio/build/lib/webdriverio.js:189:29)\n    at /projet/PSFunctionalTests/node_modules/webdriverio/build/lib/webdriverio.js:538:32\n    at _fulfilled (/projet/PSFunctionalTests/node_modules/q/q.js:854:54)\n    at self.promiseDispatch.done (/projet/PSFunctionalTests/node_modules/q/q.js:883:30)\n    at Promise.promise.promiseDispatch (/projet/PSFunctionalTests/node_modules/q/q.js:816:13)\n    at /projet/PSFunctionalTests/node_modules/q/q.js:624:44\n    at runSingle (/projet/PSFunctionalTests/node_modules/q/q.js:137:13)\n    at flush (/projet/PSFunctionalTests/node_modules/q/q.js:125:13)\n    at _combinedTickCallback (internal/process/next_tick.js:67:7)\n    at process._tickDomainCallback (internal/process/next_tick.js:122:9)"
      },
      "isRoot": false,
      "uuid": "747bd65e-1511-49e6-9031-c9ba586b4558",
      "parentUUID": "2f6c42eb-6258-4f1e-970e-e44c56431819",
      "isHook": false,
      "skipped": false
    },
    {
      "title": "should check the product details",
      "fullTitle": "Check the product should check the product details",
      "timedOut": false,
      "duration": 0,
      "state": "failed",
      "pass": false,
      "fail": true,
      "pending": false,
      "code": "global.fctname= this.test.title;\n\tthis.client\n\t\t.click(this.selector.search_product_result_name)\n\t\t.waitForExist(this.selector.product_name_details, 90000)\n\t\t.getText(this.selector.product_name_details).then(function(text) {\n\t\t\tvar my_name_check = text;\n\t\t\tshould(my_name_check.toLowerCase()).be.equal('test_nodejs_' + product_id);\n\t\t})\n\t\t//image_data_id\n\t\t.getAttribute('img[class=\"js-qv-product-cover\"]', \"src\").then(function(text) {\n\t\t\tvar my_src_temp = text;\n\t\t\tmy_src_temp.should.containEql(image_data_id + '-large_default');\n\t\t})\n\t\t.getText(this.selector.product_price_details).then(function(text) {\n\t\t\tvar my_price2 = text;\n\t\t\tshould(my_price2).be.equal(\"€6.00\");\n\t\t})\n\t\t.call(done);",
      "err": {
        "message": "AssertionError: expected 'test_nodejs_1500370245265' to be 'test_nodejs_1501261163960'",
        "estack": "AssertionError: expected 'test_nodejs_1500370245265' to be 'test_nodejs_1501261163960'\n    at elementIdText(\"36\") - getText.js:35:50",
        "diff": "- test_nodejs_1500370245265\n+ test_nodejs_1501261163960\n"
      },
      "isRoot": false,
      "uuid": "cfd12408-7ea4-40cc-a18e-033c1c7828ee",
      "parentUUID": "2f6c42eb-6258-4f1e-970e-e44c56431819",
      "isHook": false,
      "skipped": false
    },
    {
      "title": "should validate price of product",
      "fullTitle": "Validate the cart should validate price of product",
      "timedOut": false,
      "duration": 0,
      "state": "failed",
      "pass": false,
      "fail": true,
      "pending": false,
      "code": "global.fctname= this.test.title;\n\tthis.client\n\t\t.getText(this.selector.command_product_price).then(function(text) {\n\t\t\tvar command_price_check = text;\n\t\t\tshould(command_price_check).be.equal(my_price);\n\t\t})\n\t\t.call(done);",
      "err": {
        "message": "AssertionError: expected Array [ 'Taille:', 'S' ] to be '19,81 €'",
        "estack": "AssertionError: expected Array [ 'Taille:', 'S' ] to be '19,81 €'\n    at Assertion.fail (/projet/PSFunctionalTests/node_modules/should/cjs/should.js:326:17)\n    at Assertion.value (/projet/PSFunctionalTests/node_modules/should/cjs/should.js:398:19)\n    at Object.<anonymous> (scenario/FO/buy_product.webdriverio.js:97:37)\n    at Object.exec (/projet/PSFunctionalTests/node_modules/webdriverio/build/lib/helpers/safeExecute.js:28:24)\n    at Object.resolve (/projet/PSFunctionalTests/node_modules/webdriverio/build/lib/webdriverio.js:189:29)\n    at /projet/PSFunctionalTests/node_modules/webdriverio/build/lib/webdriverio.js:538:32\n    at _fulfilled (/projet/PSFunctionalTests/node_modules/q/q.js:854:54)\n    at self.promiseDispatch.done (/projet/PSFunctionalTests/node_modules/q/q.js:883:30)\n    at Promise.promise.promiseDispatch (/projet/PSFunctionalTests/node_modules/q/q.js:816:13)\n    at /projet/PSFunctionalTests/node_modules/q/q.js:624:44\n    at runSingle (/projet/PSFunctionalTests/node_modules/q/q.js:137:13)\n    at flush (/projet/PSFunctionalTests/node_modules/q/q.js:125:13)\n    at _combinedTickCallback (internal/process/next_tick.js:67:7)\n    at process._tickDomainCallback (internal/process/next_tick.js:122:9)"
      },
      "isRoot": false,
      "uuid": "80dc7f53-7783-46be-9778-9fd029ee0839",
      "parentUUID": "bad1c623-51b1-4b45-94a9-c37834f8cba9",
      "isHook": false,
      "skipped": false
    }
  ],
  "copyrightYear": 2017
}