{
  "stats": {
    "suites": 22,
    "tests": 55,
    "passes": 48,
    "pending": 0,
    "failures": 7,
    "start": "2017-07-31T09:57:02.229Z",
    "end": "2017-07-31T09:58:16.964Z",
    "duration": 74735,
    "testsRegistered": 55,
    "passPercent": 87.3,
    "pendingPercent": 0,
    "other": 0,
    "hasOther": false,
    "skipped": 0,
    "hasSkipped": false,
    "passPercentClass": "success",
    "pendingPercentClass": "danger"
  },
  "suites": {
    "title": "",
    "suites": [
      {
        "title": "Allscenario",
        "suites": [
          {
            "title": "The Product Creation",
            "suites": [
              {
                "title": "Log in in Back Office",
                "suites": [],
                "tests": [
                  {
                    "title": "should log in successfully in BO",
                    "fullTitle": "The Product Creation Log in in Back Office should log in successfully in BO",
                    "timedOut": false,
                    "duration": 3231,
                    "state": "passed",
                    "speed": "fast",
                    "pass": true,
                    "fail": false,
                    "pending": false,
                    "code": "global.fctname= this.test.title;\n\tthis.client\n\t\t.signinBO()\n\t\t.isVisible(this.selector.exit_welcome).then(function(isVisible) {\n\t\t\texit_welcome = isVisible;\n\t\t})\n\t\t.waitForExist(this.selector.menu, 90000)\n\t    .call(done);",
                    "err": {},
                    "isRoot": false,
                    "uuid": "33894a47-19d3-4cee-a749-05929b6b8e40",
                    "parentUUID": "8ce9e9c3-f27e-47f3-9580-b51e2a182952",
                    "isHook": false,
                    "skipped": false
                  }
                ],
                "pending": [],
                "root": false,
                "_timeout": 900000000,
                "file": "/index.webdriverio.js",
                "uuid": "8ce9e9c3-f27e-47f3-9580-b51e2a182952",
                "beforeHooks": [],
                "afterHooks": [],
                "fullFile": "/projet/PSFunctionalTests/test/itg/1.7/index.webdriverio.js",
                "passes": [
                  {
                    "title": "should log in successfully in BO",
                    "fullTitle": "The Product Creation Log in in Back Office should log in successfully in BO",
                    "timedOut": false,
                    "duration": 3231,
                    "state": "passed",
                    "speed": "fast",
                    "pass": true,
                    "fail": false,
                    "pending": false,
                    "code": "global.fctname= this.test.title;\n\tthis.client\n\t\t.signinBO()\n\t\t.isVisible(this.selector.exit_welcome).then(function(isVisible) {\n\t\t\texit_welcome = isVisible;\n\t\t})\n\t\t.waitForExist(this.selector.menu, 90000)\n\t    .call(done);",
                    "err": {},
                    "isRoot": false,
                    "uuid": "33894a47-19d3-4cee-a749-05929b6b8e40",
                    "parentUUID": "8ce9e9c3-f27e-47f3-9580-b51e2a182952",
                    "isHook": false,
                    "skipped": false
                  }
                ],
                "failures": [],
                "skipped": [],
                "hasBeforeHooks": false,
                "hasAfterHooks": false,
                "hasTests": true,
                "hasSuites": false,
                "totalTests": 1,
                "totalPasses": 1,
                "totalFailures": 0,
                "totalPending": 0,
                "totalSkipped": 0,
                "hasPasses": true,
                "hasFailures": false,
                "hasPending": false,
                "hasSkipped": false,
                "duration": 3231,
                "rootEmpty": false
              },
              {
                "title": "Create new product",
                "suites": [],
                "tests": [
                  {
                    "title": "should click on the <add new product> button",
                    "fullTitle": "The Product Creation Create new product should click on the <add new product> button",
                    "timedOut": false,
                    "duration": 1666,
                    "state": "passed",
                    "speed": "fast",
                    "pass": true,
                    "fail": false,
                    "pending": false,
                    "code": "global.fctname= this.test.title;\nif (exit_welcome){\n\t\t        this.client\n\t\t\t\t    .waitForExist(this.selector.exit_welcome, 90000)\n\t\t\t\t    .click(this.selector.exit_welcome);\n\t\t\t}\n\t\t\tthis.client\n\t\t\t\t.waitForExist(this.selector.menu, 90000)\n\t\t\t\t.click(this.selector.products)\n\t\t\t\t.waitForExist(this.selector.new_product, 90000)\n\t\t\t\t.waitForExist('#notifications-total', 90000)\n\t\t\t\t.isVisible('//div[@id=\"debug-mode\"]').then(function(isVisible) {\n\t\t\t\t\tdevMode = isVisible;\n\t\t\t\t})\n\t\t\t\t.call(done);",
                    "err": {},
                    "isRoot": false,
                    "uuid": "c4a5e5c4-dbb7-45c7-af0d-af3c39260f25",
                    "parentUUID": "46103571-da6d-46a1-8f38-c237487ba2c3",
                    "isHook": false,
                    "skipped": false
                  },
                  {
                    "title": "should choose dev mode",
                    "fullTitle": "The Product Creation Create new product should choose dev mode",
                    "timedOut": false,
                    "duration": 0,
                    "state": "passed",
                    "speed": "fast",
                    "pass": true,
                    "fail": false,
                    "pending": false,
                    "code": "global.fctname= this.test.title;\n    if(devMode)\n    {\n\t\tthis.client\n                    .waitForExist('//a[@class=\"hide-button\"]', 90000)\n                    .click('//a[@class=\"hide-button\"]');\n\t}\n\tthis.client.call(done);",
                    "err": {},
                    "isRoot": false,
                    "uuid": "21bc8a9e-7fe6-497a-a72f-79e44e6b1226",
                    "parentUUID": "46103571-da6d-46a1-8f38-c237487ba2c3",
                    "isHook": false,
                    "skipped": false
                  },
                  {
                    "title": "should enter the name of product",
                    "fullTitle": "The Product Creation Create new product should enter the name of product",
                    "timedOut": false,
                    "duration": 3142,
                    "state": "passed",
                    "speed": "fast",
                    "pass": true,
                    "fail": false,
                    "pending": false,
                    "code": "global.fctname= this.test.title;\n\tthis.client\n\t\t.click(this.selector.new_product)\n\t\t.waitForExist(this.selector.product_name, 90000)\n\t\t.setValue(this.selector.product_name, 'test_nodejs_' + product_id)\n\t\t.call(done);",
                    "err": {},
                    "isRoot": false,
                    "uuid": "f6a6b722-5e96-484e-b456-8f4ab229acd5",
                    "parentUUID": "46103571-da6d-46a1-8f38-c237487ba2c3",
                    "isHook": false,
                    "skipped": false
                  },
                  {
                    "title": "should enter the quantity of product",
                    "fullTitle": "The Product Creation Create new product should enter the quantity of product",
                    "timedOut": false,
                    "duration": 171,
                    "state": "passed",
                    "speed": "fast",
                    "pass": true,
                    "fail": false,
                    "pending": false,
                    "code": "global.fctname= this.test.title;\n\tthis.client\n\t\t.waitForExist(this.selector.quantity_shortcut, 90000)\n\t\t.clearElement(this.selector.quantity_shortcut)\n\t\t.addValue(this.selector.quantity_shortcut, \"10\")\n\t    .call(done);",
                    "err": {},
                    "isRoot": false,
                    "uuid": "d22aa679-b878-4a36-b8fb-18adb86feaa2",
                    "parentUUID": "46103571-da6d-46a1-8f38-c237487ba2c3",
                    "isHook": false,
                    "skipped": false
                  },
                  {
                    "title": "should enter the price of product",
                    "fullTitle": "The Product Creation Create new product should enter the price of product",
                    "timedOut": false,
                    "duration": 176,
                    "state": "passed",
                    "speed": "fast",
                    "pass": true,
                    "fail": false,
                    "pending": false,
                    "code": "global.fctname= this.test.title;\n\tthis.client\n\t\t.waitForExist(this.selector.priceTE_shortcut, 90000)\n\t\t.execute(function() {\n\t\t\tdocument.querySelector('#form_step1_price_shortcut').value=\"\";\n\t\t\t})\n\t\t.setValue(this.selector.priceTE_shortcut, \"5\")\n\t\t.call(done);",
                    "err": {},
                    "isRoot": false,
                    "uuid": "116d9ef3-590a-44de-be0a-310c30771286",
                    "parentUUID": "46103571-da6d-46a1-8f38-c237487ba2c3",
                    "isHook": false,
                    "skipped": false
                  },
                  {
                    "title": "should upload the picture of product",
                    "fullTitle": "The Product Creation Create new product should upload the picture of product",
                    "timedOut": false,
                    "duration": 3762,
                    "state": "passed",
                    "speed": "fast",
                    "pass": true,
                    "fail": false,
                    "pending": false,
                    "code": "global.fctname= this.test.title;\n    this.client\n\t\t.execute(function() {\n\t\t\tdocument.getElementsByClassName(\"dz-hidden-input\").style=\"\";\n\t\t\t})\n\t\t.chooseFile(this.selector.picture, toUpload)\n\t\t.waitForExist(this.selector.picture_cover, 90000)\n\t\t.getAttribute('.dz-preview.dz-image-preview.ui-sortable-handle.dz-complete', \"data-id\").then(function(text) {\n\t\t\tglobal.image_data_id = text;\n\t\t})\n\t\t.pause(2000)\n\t\t.call(done);",
                    "err": {},
                    "isRoot": false,
                    "uuid": "7918fb1d-60d1-44ed-895f-b99463df9972",
                    "parentUUID": "46103571-da6d-46a1-8f38-c237487ba2c3",
                    "isHook": false,
                    "skipped": false
                  },
                  {
                    "title": "should enter the summary of product",
                    "fullTitle": "The Product Creation Create new product should enter the summary of product",
                    "timedOut": false,
                    "duration": 369,
                    "state": "passed",
                    "speed": "fast",
                    "pass": true,
                    "fail": false,
                    "pending": false,
                    "code": "global.fctname= this.test.title;\n    this.client\n\t\t.waitForExist('textarea#form_step1_description_short_1', 90000)\n\t\t.execute(function() {\n\t\t\tdocument.querySelector('textarea#form_step1_description_short_1').style=\"\";\n\t\t\t})\n\t\t.setValue('textarea#form_step1_description_short_1', \"this the summary\")\n\t\t.call(done);",
                    "err": {},
                    "isRoot": false,
                    "uuid": "ecf2eb14-957a-47f6-8854-a9f46468b783",
                    "parentUUID": "46103571-da6d-46a1-8f38-c237487ba2c3",
                    "isHook": false,
                    "skipped": false
                  },
                  {
                    "title": "should enter the description of product",
                    "fullTitle": "The Product Creation Create new product should enter the description of product",
                    "timedOut": false,
                    "duration": 495,
                    "state": "passed",
                    "speed": "fast",
                    "pass": true,
                    "fail": false,
                    "pending": false,
                    "code": "global.fctname= this.test.title;\n    this.client\n\t\t.click(this.selector.description_button)\n\t\t.waitForExist('textarea#form_step1_description_1', 90000)\n\t\t.execute(function() {\n\t\t\tdocument.querySelector('textarea#form_step1_description_1').style=\"\";\n\t\t\t})\n\t\t.setValue('textarea#form_step1_description_1', \"this the description\")\n\t    .call(done);",
                    "err": {},
                    "isRoot": false,
                    "uuid": "212d82d9-69cb-4075-9306-db469fcaf1cd",
                    "parentUUID": "46103571-da6d-46a1-8f38-c237487ba2c3",
                    "isHook": false,
                    "skipped": false
                  },
                  {
                    "title": "should close toolbar",
                    "fullTitle": "The Product Creation Create new product should close toolbar",
                    "timedOut": false,
                    "duration": 0,
                    "state": "passed",
                    "speed": "fast",
                    "pass": true,
                    "fail": false,
                    "pending": false,
                    "code": "global.fctname= this.test.title;\n\t   \tif (devMode){\n\t\t\tthis.client\n\t\t\t.waitForExist('//a[@class=\"hide-button\"]', 90000)\n\t\t\t.click('//a[@class=\"hide-button\"]');\n\t\t}\n\t\tthis.client.call(done);",
                    "err": {},
                    "isRoot": false,
                    "uuid": "27c59e48-0647-4324-b987-888c302c488f",
                    "parentUUID": "46103571-da6d-46a1-8f38-c237487ba2c3",
                    "isHook": false,
                    "skipped": false
                  },
                  {
                    "title": "should select product online",
                    "fullTitle": "The Product Creation Create new product should select product online",
                    "timedOut": false,
                    "duration": 1109,
                    "state": "passed",
                    "speed": "fast",
                    "pass": true,
                    "fail": false,
                    "pending": false,
                    "code": "global.fctname= this.test.title;\n        this.client\n            .pause(1000)\n\t\t\t.click(this.selector.product_online)\n\t\t    .call(done);",
                    "err": {},
                    "isRoot": false,
                    "uuid": "dbd6275c-adf9-426e-8d06-ea8bae1f5457",
                    "parentUUID": "46103571-da6d-46a1-8f38-c237487ba2c3",
                    "isHook": false,
                    "skipped": false
                  },
                  {
                    "title": "should save product",
                    "fullTitle": "The Product Creation Create new product should save product",
                    "timedOut": false,
                    "duration": 323,
                    "state": "passed",
                    "speed": "fast",
                    "pass": true,
                    "fail": false,
                    "pending": false,
                    "code": "global.fctname= this.test.title;\n\t        this.client\n\t    .waitForExist(this.selector.save_product, 90000)\n\t    .click(this.selector.save_product)\n\t    .call(done);",
                    "err": {},
                    "isRoot": false,
                    "uuid": "6cda9510-ff58-4aa8-a545-6146d140f94e",
                    "parentUUID": "46103571-da6d-46a1-8f38-c237487ba2c3",
                    "isHook": false,
                    "skipped": false
                  },
                  {
                    "title": "should close green validation",
                    "fullTitle": "The Product Creation Create new product should close green validation",
                    "timedOut": false,
                    "duration": 1604,
                    "state": "passed",
                    "speed": "fast",
                    "pass": true,
                    "fail": false,
                    "pending": false,
                    "code": "global.fctname= this.test.title;\n        this.client\n\t\t\t.waitForExist(this.selector.close_green_validation, 90000)\n\t\t\t.click(this.selector.close_green_validation)\n\t\t\t.call(done);",
                    "err": {},
                    "isRoot": false,
                    "uuid": "5c2dc3aa-f8c2-4a16-a96f-068496492654",
                    "parentUUID": "46103571-da6d-46a1-8f38-c237487ba2c3",
                    "isHook": false,
                    "skipped": false
                  }
                ],
                "pending": [],
                "root": false,
                "_timeout": 900000000,
                "file": "/index.webdriverio.js",
                "uuid": "46103571-da6d-46a1-8f38-c237487ba2c3",
                "beforeHooks": [],
                "afterHooks": [],
                "fullFile": "/projet/PSFunctionalTests/test/itg/1.7/index.webdriverio.js",
                "passes": [
                  {
                    "title": "should click on the <add new product> button",
                    "fullTitle": "The Product Creation Create new product should click on the <add new product> button",
                    "timedOut": false,
                    "duration": 1666,
                    "state": "passed",
                    "speed": "fast",
                    "pass": true,
                    "fail": false,
                    "pending": false,
                    "code": "global.fctname= this.test.title;\nif (exit_welcome){\n\t\t        this.client\n\t\t\t\t    .waitForExist(this.selector.exit_welcome, 90000)\n\t\t\t\t    .click(this.selector.exit_welcome);\n\t\t\t}\n\t\t\tthis.client\n\t\t\t\t.waitForExist(this.selector.menu, 90000)\n\t\t\t\t.click(this.selector.products)\n\t\t\t\t.waitForExist(this.selector.new_product, 90000)\n\t\t\t\t.waitForExist('#notifications-total', 90000)\n\t\t\t\t.isVisible('//div[@id=\"debug-mode\"]').then(function(isVisible) {\n\t\t\t\t\tdevMode = isVisible;\n\t\t\t\t})\n\t\t\t\t.call(done);",
                    "err": {},
                    "isRoot": false,
                    "uuid": "c4a5e5c4-dbb7-45c7-af0d-af3c39260f25",
                    "parentUUID": "46103571-da6d-46a1-8f38-c237487ba2c3",
                    "isHook": false,
                    "skipped": false
                  },
                  {
                    "title": "should choose dev mode",
                    "fullTitle": "The Product Creation Create new product should choose dev mode",
                    "timedOut": false,
                    "duration": 0,
                    "state": "passed",
                    "speed": "fast",
                    "pass": true,
                    "fail": false,
                    "pending": false,
                    "code": "global.fctname= this.test.title;\n    if(devMode)\n    {\n\t\tthis.client\n                    .waitForExist('//a[@class=\"hide-button\"]', 90000)\n                    .click('//a[@class=\"hide-button\"]');\n\t}\n\tthis.client.call(done);",
                    "err": {},
                    "isRoot": false,
                    "uuid": "21bc8a9e-7fe6-497a-a72f-79e44e6b1226",
                    "parentUUID": "46103571-da6d-46a1-8f38-c237487ba2c3",
                    "isHook": false,
                    "skipped": false
                  },
                  {
                    "title": "should enter the name of product",
                    "fullTitle": "The Product Creation Create new product should enter the name of product",
                    "timedOut": false,
                    "duration": 3142,
                    "state": "passed",
                    "speed": "fast",
                    "pass": true,
                    "fail": false,
                    "pending": false,
                    "code": "global.fctname= this.test.title;\n\tthis.client\n\t\t.click(this.selector.new_product)\n\t\t.waitForExist(this.selector.product_name, 90000)\n\t\t.setValue(this.selector.product_name, 'test_nodejs_' + product_id)\n\t\t.call(done);",
                    "err": {},
                    "isRoot": false,
                    "uuid": "f6a6b722-5e96-484e-b456-8f4ab229acd5",
                    "parentUUID": "46103571-da6d-46a1-8f38-c237487ba2c3",
                    "isHook": false,
                    "skipped": false
                  },
                  {
                    "title": "should enter the quantity of product",
                    "fullTitle": "The Product Creation Create new product should enter the quantity of product",
                    "timedOut": false,
                    "duration": 171,
                    "state": "passed",
                    "speed": "fast",
                    "pass": true,
                    "fail": false,
                    "pending": false,
                    "code": "global.fctname= this.test.title;\n\tthis.client\n\t\t.waitForExist(this.selector.quantity_shortcut, 90000)\n\t\t.clearElement(this.selector.quantity_shortcut)\n\t\t.addValue(this.selector.quantity_shortcut, \"10\")\n\t    .call(done);",
                    "err": {},
                    "isRoot": false,
                    "uuid": "d22aa679-b878-4a36-b8fb-18adb86feaa2",
                    "parentUUID": "46103571-da6d-46a1-8f38-c237487ba2c3",
                    "isHook": false,
                    "skipped": false
                  },
                  {
                    "title": "should enter the price of product",
                    "fullTitle": "The Product Creation Create new product should enter the price of product",
                    "timedOut": false,
                    "duration": 176,
                    "state": "passed",
                    "speed": "fast",
                    "pass": true,
                    "fail": false,
                    "pending": false,
                    "code": "global.fctname= this.test.title;\n\tthis.client\n\t\t.waitForExist(this.selector.priceTE_shortcut, 90000)\n\t\t.execute(function() {\n\t\t\tdocument.querySelector('#form_step1_price_shortcut').value=\"\";\n\t\t\t})\n\t\t.setValue(this.selector.priceTE_shortcut, \"5\")\n\t\t.call(done);",
                    "err": {},
                    "isRoot": false,
                    "uuid": "116d9ef3-590a-44de-be0a-310c30771286",
                    "parentUUID": "46103571-da6d-46a1-8f38-c237487ba2c3",
                    "isHook": false,
                    "skipped": false
                  },
                  {
                    "title": "should upload the picture of product",
                    "fullTitle": "The Product Creation Create new product should upload the picture of product",
                    "timedOut": false,
                    "duration": 3762,
                    "state": "passed",
                    "speed": "fast",
                    "pass": true,
                    "fail": false,
                    "pending": false,
                    "code": "global.fctname= this.test.title;\n    this.client\n\t\t.execute(function() {\n\t\t\tdocument.getElementsByClassName(\"dz-hidden-input\").style=\"\";\n\t\t\t})\n\t\t.chooseFile(this.selector.picture, toUpload)\n\t\t.waitForExist(this.selector.picture_cover, 90000)\n\t\t.getAttribute('.dz-preview.dz-image-preview.ui-sortable-handle.dz-complete', \"data-id\").then(function(text) {\n\t\t\tglobal.image_data_id = text;\n\t\t})\n\t\t.pause(2000)\n\t\t.call(done);",
                    "err": {},
                    "isRoot": false,
                    "uuid": "7918fb1d-60d1-44ed-895f-b99463df9972",
                    "parentUUID": "46103571-da6d-46a1-8f38-c237487ba2c3",
                    "isHook": false,
                    "skipped": false
                  },
                  {
                    "title": "should enter the summary of product",
                    "fullTitle": "The Product Creation Create new product should enter the summary of product",
                    "timedOut": false,
                    "duration": 369,
                    "state": "passed",
                    "speed": "fast",
                    "pass": true,
                    "fail": false,
                    "pending": false,
                    "code": "global.fctname= this.test.title;\n    this.client\n\t\t.waitForExist('textarea#form_step1_description_short_1', 90000)\n\t\t.execute(function() {\n\t\t\tdocument.querySelector('textarea#form_step1_description_short_1').style=\"\";\n\t\t\t})\n\t\t.setValue('textarea#form_step1_description_short_1', \"this the summary\")\n\t\t.call(done);",
                    "err": {},
                    "isRoot": false,
                    "uuid": "ecf2eb14-957a-47f6-8854-a9f46468b783",
                    "parentUUID": "46103571-da6d-46a1-8f38-c237487ba2c3",
                    "isHook": false,
                    "skipped": false
                  },
                  {
                    "title": "should enter the description of product",
                    "fullTitle": "The Product Creation Create new product should enter the description of product",
                    "timedOut": false,
                    "duration": 495,
                    "state": "passed",
                    "speed": "fast",
                    "pass": true,
                    "fail": false,
                    "pending": false,
                    "code": "global.fctname= this.test.title;\n    this.client\n\t\t.click(this.selector.description_button)\n\t\t.waitForExist('textarea#form_step1_description_1', 90000)\n\t\t.execute(function() {\n\t\t\tdocument.querySelector('textarea#form_step1_description_1').style=\"\";\n\t\t\t})\n\t\t.setValue('textarea#form_step1_description_1', \"this the description\")\n\t    .call(done);",
                    "err": {},
                    "isRoot": false,
                    "uuid": "212d82d9-69cb-4075-9306-db469fcaf1cd",
                    "parentUUID": "46103571-da6d-46a1-8f38-c237487ba2c3",
                    "isHook": false,
                    "skipped": false
                  },
                  {
                    "title": "should close toolbar",
                    "fullTitle": "The Product Creation Create new product should close toolbar",
                    "timedOut": false,
                    "duration": 0,
                    "state": "passed",
                    "speed": "fast",
                    "pass": true,
                    "fail": false,
                    "pending": false,
                    "code": "global.fctname= this.test.title;\n\t   \tif (devMode){\n\t\t\tthis.client\n\t\t\t.waitForExist('//a[@class=\"hide-button\"]', 90000)\n\t\t\t.click('//a[@class=\"hide-button\"]');\n\t\t}\n\t\tthis.client.call(done);",
                    "err": {},
                    "isRoot": false,
                    "uuid": "27c59e48-0647-4324-b987-888c302c488f",
                    "parentUUID": "46103571-da6d-46a1-8f38-c237487ba2c3",
                    "isHook": false,
                    "skipped": false
                  },
                  {
                    "title": "should select product online",
                    "fullTitle": "The Product Creation Create new product should select product online",
                    "timedOut": false,
                    "duration": 1109,
                    "state": "passed",
                    "speed": "fast",
                    "pass": true,
                    "fail": false,
                    "pending": false,
                    "code": "global.fctname= this.test.title;\n        this.client\n            .pause(1000)\n\t\t\t.click(this.selector.product_online)\n\t\t    .call(done);",
                    "err": {},
                    "isRoot": false,
                    "uuid": "dbd6275c-adf9-426e-8d06-ea8bae1f5457",
                    "parentUUID": "46103571-da6d-46a1-8f38-c237487ba2c3",
                    "isHook": false,
                    "skipped": false
                  },
                  {
                    "title": "should save product",
                    "fullTitle": "The Product Creation Create new product should save product",
                    "timedOut": false,
                    "duration": 323,
                    "state": "passed",
                    "speed": "fast",
                    "pass": true,
                    "fail": false,
                    "pending": false,
                    "code": "global.fctname= this.test.title;\n\t        this.client\n\t    .waitForExist(this.selector.save_product, 90000)\n\t    .click(this.selector.save_product)\n\t    .call(done);",
                    "err": {},
                    "isRoot": false,
                    "uuid": "6cda9510-ff58-4aa8-a545-6146d140f94e",
                    "parentUUID": "46103571-da6d-46a1-8f38-c237487ba2c3",
                    "isHook": false,
                    "skipped": false
                  },
                  {
                    "title": "should close green validation",
                    "fullTitle": "The Product Creation Create new product should close green validation",
                    "timedOut": false,
                    "duration": 1604,
                    "state": "passed",
                    "speed": "fast",
                    "pass": true,
                    "fail": false,
                    "pending": false,
                    "code": "global.fctname= this.test.title;\n        this.client\n\t\t\t.waitForExist(this.selector.close_green_validation, 90000)\n\t\t\t.click(this.selector.close_green_validation)\n\t\t\t.call(done);",
                    "err": {},
                    "isRoot": false,
                    "uuid": "5c2dc3aa-f8c2-4a16-a96f-068496492654",
                    "parentUUID": "46103571-da6d-46a1-8f38-c237487ba2c3",
                    "isHook": false,
                    "skipped": false
                  }
                ],
                "failures": [],
                "skipped": [],
                "hasBeforeHooks": false,
                "hasAfterHooks": false,
                "hasTests": true,
                "hasSuites": false,
                "totalTests": 12,
                "totalPasses": 12,
                "totalFailures": 0,
                "totalPending": 0,
                "totalSkipped": 0,
                "hasPasses": true,
                "hasFailures": false,
                "hasPending": false,
                "hasSkipped": false,
                "duration": 12817,
                "rootEmpty": false
              },
              {
                "title": "Check the product in the catalog",
                "suites": [],
                "tests": [
                  {
                    "title": "should go to the catalog",
                    "fullTitle": "The Product Creation Check the product in the catalog should go to the catalog",
                    "timedOut": false,
                    "duration": 5324,
                    "state": "passed",
                    "speed": "fast",
                    "pass": true,
                    "fail": false,
                    "pending": false,
                    "code": "global.fctname= this.test.title;\n\t\t\tthis.client\n\t\t\t    .pause(5000)\n\t\t\t    .waitForExist(this.selector.more_option, 90000)\n        .click(this.selector.more_option)\n\t\t\t    .waitForExist(this.selector.go_to_catalog, 90000)\n        .click(this.selector.go_to_catalog)\n        .call(done);",
                    "err": {},
                    "isRoot": false,
                    "uuid": "bc9cbc00-9c91-4d30-b6db-1ff61d076439",
                    "parentUUID": "595aa7ba-09fd-45a1-bbab-653d4f25cdd3",
                    "isHook": false,
                    "skipped": false
                  },
                  {
                    "title": "should search the product by name",
                    "fullTitle": "The Product Creation Check the product in the catalog should search the product by name",
                    "timedOut": false,
                    "duration": 4908,
                    "state": "passed",
                    "speed": "fast",
                    "pass": true,
                    "fail": false,
                    "pending": false,
                    "code": "global.fctname= this.test.title;\nthis.client\n\t\t\t\t.waitForExist(this.selector.catalogue_filter_by_name, 90000)\n\t\t\t\t.setValue(this.selector.catalogue_filter_by_name, 'test_nodejs_' + product_id)\n\t\t\t\t.click(this.selector.click_outside)\n\t\t\t\t.pause(2000)\n\t\t\t\t.click(this.selector.catalogue_submit_filter)\n\t\t\t\t.call(done);",
                    "err": {},
                    "isRoot": false,
                    "uuid": "8ae77468-6e03-4bec-99fd-7fbcb2d4809f",
                    "parentUUID": "595aa7ba-09fd-45a1-bbab-653d4f25cdd3",
                    "isHook": false,
                    "skipped": false
                  },
                  {
                    "title": "should select the product name",
                    "fullTitle": "The Product Creation Check the product in the catalog should select the product name",
                    "timedOut": false,
                    "duration": 2399,
                    "state": "passed",
                    "speed": "fast",
                    "pass": true,
                    "fail": false,
                    "pending": false,
                    "code": "global.fctname= this.test.title;\nthis.client\n    .pause(1000)\n\t\t\t\t.waitForExist('//a[text()=\"test_nodejs_' + product_id + '\"]', 90000)\n\t\t\t\t.click('//a[text()=\"test_nodejs_' + product_id + '\"]')\n\t\t\t\t.waitForExist(this.selector.product_name, 90000)\n\t\t\t\t.call(done);",
                    "err": {},
                    "isRoot": false,
                    "uuid": "da712baf-9635-405b-8288-b65c3842d099",
                    "parentUUID": "595aa7ba-09fd-45a1-bbab-653d4f25cdd3",
                    "isHook": false,
                    "skipped": false
                  },
                  {
                    "title": "Should generate picture url",
                    "fullTitle": "The Product Creation Check the product in the catalog Should generate picture url",
                    "timedOut": false,
                    "duration": 0,
                    "state": "failed",
                    "pass": false,
                    "fail": true,
                    "pending": false,
                    "code": "picture_url = \"/img/p\";\nfor (var i = 0, len = image_data_id.length; i < len; i++) {\n\tpicture_url= picture_url + \"/\" + image_data_id[i];\n}\npicture_url = picture_url + \"/\" + image_data_id + \"-home_default.jpg\";\nthis.client.call(done);",
                    "err": {
                      "message": "ReferenceError: picture_url is not defined",
                      "estack": "ReferenceError: picture_url is not defined\n    at Context.<anonymous> (scenario/BO/create_product.webdriverio.js:199:16)"
                    },
                    "isRoot": false,
                    "uuid": "b9f8d375-c475-4e3d-ae8b-a928e8199948",
                    "parentUUID": "595aa7ba-09fd-45a1-bbab-653d4f25cdd3",
                    "isHook": false,
                    "skipped": false
                  }
                ],
                "pending": [],
                "root": false,
                "_timeout": 900000000,
                "file": "/index.webdriverio.js",
                "uuid": "595aa7ba-09fd-45a1-bbab-653d4f25cdd3",
                "beforeHooks": [],
                "afterHooks": [],
                "fullFile": "/projet/PSFunctionalTests/test/itg/1.7/index.webdriverio.js",
                "passes": [
                  {
                    "title": "should go to the catalog",
                    "fullTitle": "The Product Creation Check the product in the catalog should go to the catalog",
                    "timedOut": false,
                    "duration": 5324,
                    "state": "passed",
                    "speed": "fast",
                    "pass": true,
                    "fail": false,
                    "pending": false,
                    "code": "global.fctname= this.test.title;\n\t\t\tthis.client\n\t\t\t    .pause(5000)\n\t\t\t    .waitForExist(this.selector.more_option, 90000)\n        .click(this.selector.more_option)\n\t\t\t    .waitForExist(this.selector.go_to_catalog, 90000)\n        .click(this.selector.go_to_catalog)\n        .call(done);",
                    "err": {},
                    "isRoot": false,
                    "uuid": "bc9cbc00-9c91-4d30-b6db-1ff61d076439",
                    "parentUUID": "595aa7ba-09fd-45a1-bbab-653d4f25cdd3",
                    "isHook": false,
                    "skipped": false
                  },
                  {
                    "title": "should search the product by name",
                    "fullTitle": "The Product Creation Check the product in the catalog should search the product by name",
                    "timedOut": false,
                    "duration": 4908,
                    "state": "passed",
                    "speed": "fast",
                    "pass": true,
                    "fail": false,
                    "pending": false,
                    "code": "global.fctname= this.test.title;\nthis.client\n\t\t\t\t.waitForExist(this.selector.catalogue_filter_by_name, 90000)\n\t\t\t\t.setValue(this.selector.catalogue_filter_by_name, 'test_nodejs_' + product_id)\n\t\t\t\t.click(this.selector.click_outside)\n\t\t\t\t.pause(2000)\n\t\t\t\t.click(this.selector.catalogue_submit_filter)\n\t\t\t\t.call(done);",
                    "err": {},
                    "isRoot": false,
                    "uuid": "8ae77468-6e03-4bec-99fd-7fbcb2d4809f",
                    "parentUUID": "595aa7ba-09fd-45a1-bbab-653d4f25cdd3",
                    "isHook": false,
                    "skipped": false
                  },
                  {
                    "title": "should select the product name",
                    "fullTitle": "The Product Creation Check the product in the catalog should select the product name",
                    "timedOut": false,
                    "duration": 2399,
                    "state": "passed",
                    "speed": "fast",
                    "pass": true,
                    "fail": false,
                    "pending": false,
                    "code": "global.fctname= this.test.title;\nthis.client\n    .pause(1000)\n\t\t\t\t.waitForExist('//a[text()=\"test_nodejs_' + product_id + '\"]', 90000)\n\t\t\t\t.click('//a[text()=\"test_nodejs_' + product_id + '\"]')\n\t\t\t\t.waitForExist(this.selector.product_name, 90000)\n\t\t\t\t.call(done);",
                    "err": {},
                    "isRoot": false,
                    "uuid": "da712baf-9635-405b-8288-b65c3842d099",
                    "parentUUID": "595aa7ba-09fd-45a1-bbab-653d4f25cdd3",
                    "isHook": false,
                    "skipped": false
                  }
                ],
                "failures": [
                  {
                    "title": "Should generate picture url",
                    "fullTitle": "The Product Creation Check the product in the catalog Should generate picture url",
                    "timedOut": false,
                    "duration": 0,
                    "state": "failed",
                    "pass": false,
                    "fail": true,
                    "pending": false,
                    "code": "picture_url = \"/img/p\";\nfor (var i = 0, len = image_data_id.length; i < len; i++) {\n\tpicture_url= picture_url + \"/\" + image_data_id[i];\n}\npicture_url = picture_url + \"/\" + image_data_id + \"-home_default.jpg\";\nthis.client.call(done);",
                    "err": {
                      "message": "ReferenceError: picture_url is not defined",
                      "estack": "ReferenceError: picture_url is not defined\n    at Context.<anonymous> (scenario/BO/create_product.webdriverio.js:199:16)"
                    },
                    "isRoot": false,
                    "uuid": "b9f8d375-c475-4e3d-ae8b-a928e8199948",
                    "parentUUID": "595aa7ba-09fd-45a1-bbab-653d4f25cdd3",
                    "isHook": false,
                    "skipped": false
                  }
                ],
                "skipped": [],
                "hasBeforeHooks": false,
                "hasAfterHooks": false,
                "hasTests": true,
                "hasSuites": false,
                "totalTests": 4,
                "totalPasses": 3,
                "totalFailures": 1,
                "totalPending": 0,
                "totalSkipped": 0,
                "hasPasses": true,
                "hasFailures": true,
                "hasPending": false,
                "hasSkipped": false,
                "duration": 12631,
                "rootEmpty": false
              },
              {
                "title": "Check the product in Back Office",
                "suites": [],
                "tests": [
                  {
                    "title": "should check the product name",
                    "fullTitle": "The Product Creation Check the product in Back Office should check the product name",
                    "timedOut": false,
                    "duration": 37,
                    "state": "passed",
                    "speed": "fast",
                    "pass": true,
                    "fail": false,
                    "pending": false,
                    "code": "global.fctname= this.test.title;\n\t\t\t\tthis.client\n    .getValue(this.selector.product_name).then(function(text) {\n        var my_name = text;\n        should(my_name).be.equal('test_nodejs_' + product_id);\n    })\n    .call(done);",
                    "err": {},
                    "isRoot": false,
                    "uuid": "9a127802-fb77-489c-95da-0615b17fe970",
                    "parentUUID": "826f8bd9-2778-4e25-9423-7255c8551162",
                    "isHook": false,
                    "skipped": false
                  },
                  {
                    "title": "should check the product summary",
                    "fullTitle": "The Product Creation Check the product in Back Office should check the product summary",
                    "timedOut": false,
                    "duration": 77,
                    "state": "passed",
                    "speed": "fast",
                    "pass": true,
                    "fail": false,
                    "pending": false,
                    "code": "global.fctname= this.test.title;\n    this.client\n                    .execute(function() {\n                        document.querySelector('textarea#form_step1_description_short_1').style=\"\";\n                        })\n                    .getText('textarea#form_step1_description_short_1').then(function(text) {\n                        var my_summary = text;\n                        should(my_summary).be.equal(\"this the summary\");\n                    })\n                    .call(done);",
                    "err": {},
                    "isRoot": false,
                    "uuid": "1befedde-da53-4b84-8259-eaeb71ac9728",
                    "parentUUID": "826f8bd9-2778-4e25-9423-7255c8551162",
                    "isHook": false,
                    "skipped": false
                  },
                  {
                    "title": "should check the product description",
                    "fullTitle": "The Product Creation Check the product in Back Office should check the product description",
                    "timedOut": false,
                    "duration": 0,
                    "state": "failed",
                    "pass": false,
                    "fail": true,
                    "pending": false,
                    "code": "global.fctname= this.test.title;\n    this.client\n                    .click(this.selector.description_button)\n                    .execute(function() {\n                        document.querySelector('textarea#form_step1_description_1').style=\"\";\n                        })\n                    .getText('textarea#form_step1_description_1').then(function(text) {\n                        var my_description = text;\n                        should(my_description).be.equal(\"this the description\");\n                    })\n                    .call(done);",
                    "err": {
                      "message": "Error: unknown error: Element <a href=\"#description\" data-toggle=\"tab\" class=\"nav-link description-tab\">...</a> is not clickable at point (506, 813). Other element would receive the click: <div class=\"switch-input -checked\">...</div>",
                      "estack": "Error: An unknown server-side error occurred while processing the command.\n    at elementIdClick(\"27\") - click.js:20:22"
                    },
                    "isRoot": false,
                    "uuid": "b32e509c-db27-4adc-b518-29623855c7ea",
                    "parentUUID": "826f8bd9-2778-4e25-9423-7255c8551162",
                    "isHook": false,
                    "skipped": false
                  },
                  {
                    "title": "should check the product price",
                    "fullTitle": "The Product Creation Check the product in Back Office should check the product price",
                    "timedOut": false,
                    "duration": 605,
                    "state": "passed",
                    "speed": "fast",
                    "pass": true,
                    "fail": false,
                    "pending": false,
                    "code": "global.fctname= this.test.title;\n                this.client\n                    .getValue(this.selector.priceTE_shortcut).then(function(text) {\n                        var my_priceTE = text;\n                        should(parseInt(my_priceTE)).be.equal(parseInt(\"5\"));\n                    })\n                    .call(done);",
                    "err": {},
                    "isRoot": false,
                    "uuid": "11b8308b-c3f0-4afd-b30a-78c353481545",
                    "parentUUID": "826f8bd9-2778-4e25-9423-7255c8551162",
                    "isHook": false,
                    "skipped": false
                  },
                  {
                    "title": "should check the product quantity",
                    "fullTitle": "The Product Creation Check the product in Back Office should check the product quantity",
                    "timedOut": false,
                    "duration": 41,
                    "state": "passed",
                    "speed": "fast",
                    "pass": true,
                    "fail": false,
                    "pending": false,
                    "code": "global.fctname= this.test.title;\nthis.client\n    .getValue(this.selector.quantity_shortcut).then(function(text) {\n        var my_quantity = text;\n        should(parseInt(my_quantity)).be.equal(parseInt(\"10\"));\n    })\n    .call(done);",
                    "err": {},
                    "isRoot": false,
                    "uuid": "4181efec-cfaf-48d5-8719-5a6846b2587d",
                    "parentUUID": "826f8bd9-2778-4e25-9423-7255c8551162",
                    "isHook": false,
                    "skipped": false
                  },
                  {
                    "title": "should check the product image",
                    "fullTitle": "The Product Creation Check the product in Back Office should check the product image",
                    "timedOut": false,
                    "duration": 0,
                    "state": "failed",
                    "pass": false,
                    "fail": true,
                    "pending": false,
                    "code": "global.fctname= this.test.title;\n                this.client\n                    .getAttribute('div[data-id=\"' + image_data_id + '\"] > div ', \"style\").then(function(text) {\n                        var my_picture_url_temp = text[0].split(\"url(\\\"\");\n                        var my_picture_url = my_picture_url_temp[1].split(\"\\\")\");\n                        var my_final_picture_url = my_picture_url[0].split(\"img/\");\n                        var final_picture_url = picture_url.split(\"img/\");\n                        should(my_final_picture_url[1]).be.equal(final_picture_url[1]);\n                    })\n                    .call(done);",
                    "err": {
                      "message": "ReferenceError: picture_url is not defined",
                      "estack": "ReferenceError: picture_url is not defined\n    at Object.<anonymous> (scenario/BO/create_product.webdriverio.js:273:61)\n    at Object.exec (/projet/PSFunctionalTests/node_modules/webdriverio/build/lib/helpers/safeExecute.js:28:24)\n    at Object.resolve (/projet/PSFunctionalTests/node_modules/webdriverio/build/lib/webdriverio.js:189:29)\n    at /projet/PSFunctionalTests/node_modules/webdriverio/build/lib/webdriverio.js:538:32\n    at _fulfilled (/projet/PSFunctionalTests/node_modules/q/q.js:854:54)\n    at self.promiseDispatch.done (/projet/PSFunctionalTests/node_modules/q/q.js:883:30)\n    at Promise.promise.promiseDispatch (/projet/PSFunctionalTests/node_modules/q/q.js:816:13)\n    at /projet/PSFunctionalTests/node_modules/q/q.js:624:44\n    at runSingle (/projet/PSFunctionalTests/node_modules/q/q.js:137:13)\n    at flush (/projet/PSFunctionalTests/node_modules/q/q.js:125:13)\n    at _combinedTickCallback (internal/process/next_tick.js:67:7)\n    at process._tickDomainCallback (internal/process/next_tick.js:122:9)"
                    },
                    "isRoot": false,
                    "uuid": "fd45e6df-91bb-481c-ac4d-896d141e0879",
                    "parentUUID": "826f8bd9-2778-4e25-9423-7255c8551162",
                    "isHook": false,
                    "skipped": false
                  }
                ],
                "pending": [],
                "root": false,
                "_timeout": 900000000,
                "file": "/index.webdriverio.js",
                "uuid": "826f8bd9-2778-4e25-9423-7255c8551162",
                "beforeHooks": [],
                "afterHooks": [],
                "fullFile": "/projet/PSFunctionalTests/test/itg/1.7/index.webdriverio.js",
                "passes": [
                  {
                    "title": "should check the product name",
                    "fullTitle": "The Product Creation Check the product in Back Office should check the product name",
                    "timedOut": false,
                    "duration": 37,
                    "state": "passed",
                    "speed": "fast",
                    "pass": true,
                    "fail": false,
                    "pending": false,
                    "code": "global.fctname= this.test.title;\n\t\t\t\tthis.client\n    .getValue(this.selector.product_name).then(function(text) {\n        var my_name = text;\n        should(my_name).be.equal('test_nodejs_' + product_id);\n    })\n    .call(done);",
                    "err": {},
                    "isRoot": false,
                    "uuid": "9a127802-fb77-489c-95da-0615b17fe970",
                    "parentUUID": "826f8bd9-2778-4e25-9423-7255c8551162",
                    "isHook": false,
                    "skipped": false
                  },
                  {
                    "title": "should check the product summary",
                    "fullTitle": "The Product Creation Check the product in Back Office should check the product summary",
                    "timedOut": false,
                    "duration": 77,
                    "state": "passed",
                    "speed": "fast",
                    "pass": true,
                    "fail": false,
                    "pending": false,
                    "code": "global.fctname= this.test.title;\n    this.client\n                    .execute(function() {\n                        document.querySelector('textarea#form_step1_description_short_1').style=\"\";\n                        })\n                    .getText('textarea#form_step1_description_short_1').then(function(text) {\n                        var my_summary = text;\n                        should(my_summary).be.equal(\"this the summary\");\n                    })\n                    .call(done);",
                    "err": {},
                    "isRoot": false,
                    "uuid": "1befedde-da53-4b84-8259-eaeb71ac9728",
                    "parentUUID": "826f8bd9-2778-4e25-9423-7255c8551162",
                    "isHook": false,
                    "skipped": false
                  },
                  {
                    "title": "should check the product price",
                    "fullTitle": "The Product Creation Check the product in Back Office should check the product price",
                    "timedOut": false,
                    "duration": 605,
                    "state": "passed",
                    "speed": "fast",
                    "pass": true,
                    "fail": false,
                    "pending": false,
                    "code": "global.fctname= this.test.title;\n                this.client\n                    .getValue(this.selector.priceTE_shortcut).then(function(text) {\n                        var my_priceTE = text;\n                        should(parseInt(my_priceTE)).be.equal(parseInt(\"5\"));\n                    })\n                    .call(done);",
                    "err": {},
                    "isRoot": false,
                    "uuid": "11b8308b-c3f0-4afd-b30a-78c353481545",
                    "parentUUID": "826f8bd9-2778-4e25-9423-7255c8551162",
                    "isHook": false,
                    "skipped": false
                  },
                  {
                    "title": "should check the product quantity",
                    "fullTitle": "The Product Creation Check the product in Back Office should check the product quantity",
                    "timedOut": false,
                    "duration": 41,
                    "state": "passed",
                    "speed": "fast",
                    "pass": true,
                    "fail": false,
                    "pending": false,
                    "code": "global.fctname= this.test.title;\nthis.client\n    .getValue(this.selector.quantity_shortcut).then(function(text) {\n        var my_quantity = text;\n        should(parseInt(my_quantity)).be.equal(parseInt(\"10\"));\n    })\n    .call(done);",
                    "err": {},
                    "isRoot": false,
                    "uuid": "4181efec-cfaf-48d5-8719-5a6846b2587d",
                    "parentUUID": "826f8bd9-2778-4e25-9423-7255c8551162",
                    "isHook": false,
                    "skipped": false
                  }
                ],
                "failures": [
                  {
                    "title": "should check the product description",
                    "fullTitle": "The Product Creation Check the product in Back Office should check the product description",
                    "timedOut": false,
                    "duration": 0,
                    "state": "failed",
                    "pass": false,
                    "fail": true,
                    "pending": false,
                    "code": "global.fctname= this.test.title;\n    this.client\n                    .click(this.selector.description_button)\n                    .execute(function() {\n                        document.querySelector('textarea#form_step1_description_1').style=\"\";\n                        })\n                    .getText('textarea#form_step1_description_1').then(function(text) {\n                        var my_description = text;\n                        should(my_description).be.equal(\"this the description\");\n                    })\n                    .call(done);",
                    "err": {
                      "message": "Error: unknown error: Element <a href=\"#description\" data-toggle=\"tab\" class=\"nav-link description-tab\">...</a> is not clickable at point (506, 813). Other element would receive the click: <div class=\"switch-input -checked\">...</div>",
                      "estack": "Error: An unknown server-side error occurred while processing the command.\n    at elementIdClick(\"27\") - click.js:20:22"
                    },
                    "isRoot": false,
                    "uuid": "b32e509c-db27-4adc-b518-29623855c7ea",
                    "parentUUID": "826f8bd9-2778-4e25-9423-7255c8551162",
                    "isHook": false,
                    "skipped": false
                  },
                  {
                    "title": "should check the product image",
                    "fullTitle": "The Product Creation Check the product in Back Office should check the product image",
                    "timedOut": false,
                    "duration": 0,
                    "state": "failed",
                    "pass": false,
                    "fail": true,
                    "pending": false,
                    "code": "global.fctname= this.test.title;\n                this.client\n                    .getAttribute('div[data-id=\"' + image_data_id + '\"] > div ', \"style\").then(function(text) {\n                        var my_picture_url_temp = text[0].split(\"url(\\\"\");\n                        var my_picture_url = my_picture_url_temp[1].split(\"\\\")\");\n                        var my_final_picture_url = my_picture_url[0].split(\"img/\");\n                        var final_picture_url = picture_url.split(\"img/\");\n                        should(my_final_picture_url[1]).be.equal(final_picture_url[1]);\n                    })\n                    .call(done);",
                    "err": {
                      "message": "ReferenceError: picture_url is not defined",
                      "estack": "ReferenceError: picture_url is not defined\n    at Object.<anonymous> (scenario/BO/create_product.webdriverio.js:273:61)\n    at Object.exec (/projet/PSFunctionalTests/node_modules/webdriverio/build/lib/helpers/safeExecute.js:28:24)\n    at Object.resolve (/projet/PSFunctionalTests/node_modules/webdriverio/build/lib/webdriverio.js:189:29)\n    at /projet/PSFunctionalTests/node_modules/webdriverio/build/lib/webdriverio.js:538:32\n    at _fulfilled (/projet/PSFunctionalTests/node_modules/q/q.js:854:54)\n    at self.promiseDispatch.done (/projet/PSFunctionalTests/node_modules/q/q.js:883:30)\n    at Promise.promise.promiseDispatch (/projet/PSFunctionalTests/node_modules/q/q.js:816:13)\n    at /projet/PSFunctionalTests/node_modules/q/q.js:624:44\n    at runSingle (/projet/PSFunctionalTests/node_modules/q/q.js:137:13)\n    at flush (/projet/PSFunctionalTests/node_modules/q/q.js:125:13)\n    at _combinedTickCallback (internal/process/next_tick.js:67:7)\n    at process._tickDomainCallback (internal/process/next_tick.js:122:9)"
                    },
                    "isRoot": false,
                    "uuid": "fd45e6df-91bb-481c-ac4d-896d141e0879",
                    "parentUUID": "826f8bd9-2778-4e25-9423-7255c8551162",
                    "isHook": false,
                    "skipped": false
                  }
                ],
                "skipped": [],
                "hasBeforeHooks": false,
                "hasAfterHooks": false,
                "hasTests": true,
                "hasSuites": false,
                "totalTests": 6,
                "totalPasses": 4,
                "totalFailures": 2,
                "totalPending": 0,
                "totalSkipped": 0,
                "hasPasses": true,
                "hasFailures": true,
                "hasPending": false,
                "hasSkipped": false,
                "duration": 760,
                "rootEmpty": false
              },
              {
                "title": "Log out in Back Office",
                "suites": [],
                "tests": [
                  {
                    "title": "should log out successfully in BO",
                    "fullTitle": "The Product Creation Log out in Back Office should log out successfully in BO",
                    "timedOut": false,
                    "duration": 2,
                    "state": "passed",
                    "speed": "fast",
                    "pass": true,
                    "fail": false,
                    "pending": false,
                    "code": "global.fctname= this.test.title;\n\t\t\tthis.client\n\t\t\t\t.signoutBO2()\n\t\t\t\t.call(done);",
                    "err": {},
                    "isRoot": false,
                    "uuid": "2f897d4e-f3e2-45d1-a9b9-3e0db0d8ee15",
                    "parentUUID": "5a30f6f9-1a34-44e9-81b6-9cb08f033c21",
                    "isHook": false,
                    "skipped": false
                  }
                ],
                "pending": [],
                "root": false,
                "_timeout": 900000000,
                "file": "/index.webdriverio.js",
                "uuid": "5a30f6f9-1a34-44e9-81b6-9cb08f033c21",
                "beforeHooks": [],
                "afterHooks": [],
                "fullFile": "/projet/PSFunctionalTests/test/itg/1.7/index.webdriverio.js",
                "passes": [
                  {
                    "title": "should log out successfully in BO",
                    "fullTitle": "The Product Creation Log out in Back Office should log out successfully in BO",
                    "timedOut": false,
                    "duration": 2,
                    "state": "passed",
                    "speed": "fast",
                    "pass": true,
                    "fail": false,
                    "pending": false,
                    "code": "global.fctname= this.test.title;\n\t\t\tthis.client\n\t\t\t\t.signoutBO2()\n\t\t\t\t.call(done);",
                    "err": {},
                    "isRoot": false,
                    "uuid": "2f897d4e-f3e2-45d1-a9b9-3e0db0d8ee15",
                    "parentUUID": "5a30f6f9-1a34-44e9-81b6-9cb08f033c21",
                    "isHook": false,
                    "skipped": false
                  }
                ],
                "failures": [],
                "skipped": [],
                "hasBeforeHooks": false,
                "hasAfterHooks": false,
                "hasTests": true,
                "hasSuites": false,
                "totalTests": 1,
                "totalPasses": 1,
                "totalFailures": 0,
                "totalPending": 0,
                "totalSkipped": 0,
                "hasPasses": true,
                "hasFailures": false,
                "hasPending": false,
                "hasSkipped": false,
                "duration": 2,
                "rootEmpty": false
              }
            ],
            "tests": [],
            "pending": [],
            "root": false,
            "_timeout": 900000000,
            "file": "/index.webdriverio.js",
            "uuid": "9bf2125b-924a-458f-9e22-7d16c63a4e90",
            "beforeHooks": [
              {
                "title": "\"before all\" hook",
                "fullTitle": "Allscenario The Product Creation \"before all\" hook",
                "timedOut": false,
                "duration": 0,
                "pass": false,
                "fail": false,
                "pending": false,
                "code": "this.selector = globals.selector;\nthis.client.call(done);",
                "err": {},
                "isRoot": false,
                "uuid": "44654715-f4e4-47b1-8847-49c2f9805887",
                "parentUUID": "9bf2125b-924a-458f-9e22-7d16c63a4e90",
                "isHook": true,
                "skipped": false
              }
            ],
            "afterHooks": [
              {
                "title": "\"after all\" hook: after",
                "fullTitle": "Allscenario The Product Creation \"after all\" hook: after",
                "timedOut": false,
                "duration": 0,
                "pass": false,
                "fail": false,
                "pending": false,
                "code": "done();",
                "err": {},
                "isRoot": false,
                "uuid": "a9748b14-3735-4a2b-b8b2-0a49a46cba31",
                "parentUUID": "9bf2125b-924a-458f-9e22-7d16c63a4e90",
                "isHook": true,
                "skipped": false
              }
            ],
            "fullFile": "/projet/PSFunctionalTests/test/itg/1.7/index.webdriverio.js",
            "passes": [],
            "failures": [],
            "skipped": [],
            "hasBeforeHooks": true,
            "hasAfterHooks": true,
            "hasTests": false,
            "hasSuites": true,
            "totalTests": 0,
            "totalPasses": 0,
            "totalFailures": 0,
            "totalPending": 0,
            "totalSkipped": 0,
            "hasPasses": false,
            "hasFailures": false,
            "hasPending": false,
            "hasSkipped": false,
            "duration": 0,
            "rootEmpty": false
          },
          {
            "title": "The Check of the Product in Front Office",
            "suites": [
              {
                "title": "Open the shop",
                "suites": [],
                "tests": [
                  {
                    "title": "should acces to the Front Office",
                    "fullTitle": "The Check of the Product in Front Office Open the shop should acces to the Front Office",
                    "timedOut": false,
                    "duration": 1686,
                    "state": "passed",
                    "speed": "fast",
                    "pass": true,
                    "fail": false,
                    "pending": false,
                    "code": "global.fctname= this.test.title;\n\tthis.client\n\t\t.url('http://' + URL)\n\t\t.call(done);",
                    "err": {},
                    "isRoot": false,
                    "uuid": "4d93cab2-1b49-4316-b058-7c6417d05846",
                    "parentUUID": "144d7033-3f8e-4658-9f59-9c73ab79d322",
                    "isHook": false,
                    "skipped": false
                  }
                ],
                "pending": [],
                "root": false,
                "_timeout": 900000000,
                "file": "/index.webdriverio.js",
                "uuid": "144d7033-3f8e-4658-9f59-9c73ab79d322",
                "beforeHooks": [],
                "afterHooks": [],
                "fullFile": "/projet/PSFunctionalTests/test/itg/1.7/index.webdriverio.js",
                "passes": [
                  {
                    "title": "should acces to the Front Office",
                    "fullTitle": "The Check of the Product in Front Office Open the shop should acces to the Front Office",
                    "timedOut": false,
                    "duration": 1686,
                    "state": "passed",
                    "speed": "fast",
                    "pass": true,
                    "fail": false,
                    "pending": false,
                    "code": "global.fctname= this.test.title;\n\tthis.client\n\t\t.url('http://' + URL)\n\t\t.call(done);",
                    "err": {},
                    "isRoot": false,
                    "uuid": "4d93cab2-1b49-4316-b058-7c6417d05846",
                    "parentUUID": "144d7033-3f8e-4658-9f59-9c73ab79d322",
                    "isHook": false,
                    "skipped": false
                  }
                ],
                "failures": [],
                "skipped": [],
                "hasBeforeHooks": false,
                "hasAfterHooks": false,
                "hasTests": true,
                "hasSuites": false,
                "totalTests": 1,
                "totalPasses": 1,
                "totalFailures": 0,
                "totalPending": 0,
                "totalSkipped": 0,
                "hasPasses": true,
                "hasFailures": false,
                "hasPending": false,
                "hasSkipped": false,
                "duration": 1686,
                "rootEmpty": false
              },
              {
                "title": "Check the product",
                "suites": [],
                "tests": [
                  {
                    "title": "should search for the product",
                    "fullTitle": "The Check of the Product in Front Office Check the product should search for the product",
                    "timedOut": false,
                    "duration": 861,
                    "state": "passed",
                    "speed": "fast",
                    "pass": true,
                    "fail": false,
                    "pending": false,
                    "code": "global.fctname= this.test.title;\n\tthis.client\n\t\t.waitForExist(this.selector.search_product, 90000)\n\t\t.setValue(this.selector.search_product, 'test_nodejs_' + product_id)\n\t\t.click(this.selector.search_product_button)\n\t\t.call(done);",
                    "err": {},
                    "isRoot": false,
                    "uuid": "15b7dae4-de96-4834-bb85-1a0ccfad81be",
                    "parentUUID": "61762410-0669-42e8-985d-0168d2a9e8e8",
                    "isHook": false,
                    "skipped": false
                  },
                  {
                    "title": "should check the product name",
                    "fullTitle": "The Check of the Product in Front Office Check the product should check the product name",
                    "timedOut": false,
                    "duration": 0,
                    "state": "failed",
                    "pass": false,
                    "fail": true,
                    "pending": false,
                    "code": "global.fctname= this.test.title;\n\t\t\tthis.client\n\t\t\t\t.waitForExist(this.selector.search_product_result_name, 90000)\n\t\t\t\t.getText(this.selector.search_product_result_name).then(function(text) {\n\t\t\t\t\tvar my_name = text;\n\t\t\t\t\tshould(my_name.toLowerCase()).be.equal('test_nodejs_' + product_id);\n\t\t\t\t})\n\t\t\t\t.call(done);",
                    "err": {
                      "message": "AssertionError: expected 'test_nodejs_1500370245265' to be 'test_nodejs_1501495022217'",
                      "estack": "AssertionError: expected 'test_nodejs_1500370245265' to be 'test_nodejs_1501495022217'\n    at Assertion.fail (/projet/PSFunctionalTests/node_modules/should/cjs/should.js:326:17)\n    at Assertion.value (/projet/PSFunctionalTests/node_modules/should/cjs/should.js:398:19)\n    at Object.<anonymous> (scenario/FO/check_product.webdriverio.js:42:39)\n    at Object.exec (/projet/PSFunctionalTests/node_modules/webdriverio/build/lib/helpers/safeExecute.js:28:24)\n    at Object.resolve (/projet/PSFunctionalTests/node_modules/webdriverio/build/lib/webdriverio.js:189:29)\n    at /projet/PSFunctionalTests/node_modules/webdriverio/build/lib/webdriverio.js:538:32\n    at _fulfilled (/projet/PSFunctionalTests/node_modules/q/q.js:854:54)\n    at self.promiseDispatch.done (/projet/PSFunctionalTests/node_modules/q/q.js:883:30)\n    at Promise.promise.promiseDispatch (/projet/PSFunctionalTests/node_modules/q/q.js:816:13)\n    at /projet/PSFunctionalTests/node_modules/q/q.js:624:44\n    at runSingle (/projet/PSFunctionalTests/node_modules/q/q.js:137:13)\n    at flush (/projet/PSFunctionalTests/node_modules/q/q.js:125:13)\n    at _combinedTickCallback (internal/process/next_tick.js:67:7)\n    at process._tickDomainCallback (internal/process/next_tick.js:122:9)",
                      "diff": "- test_nodejs_1500370245265\n+ test_nodejs_1501495022217\n"
                    },
                    "isRoot": false,
                    "uuid": "8f62f970-79a9-44a1-b3b9-bc7625e7562c",
                    "parentUUID": "61762410-0669-42e8-985d-0168d2a9e8e8",
                    "isHook": false,
                    "skipped": false
                  },
                  {
                    "title": "should check the product price",
                    "fullTitle": "The Check of the Product in Front Office Check the product should check the product price",
                    "timedOut": false,
                    "duration": 0,
                    "state": "failed",
                    "pass": false,
                    "fail": true,
                    "pending": false,
                    "code": "global.fctname= this.test.title;\n\tthis.client\n\t\t.getText(this.selector.search_product_result_price).then(function(text) {\n\t\t\tvar my_price = text;\n\t\t\tshould(my_price).be.equal(\"€6.00\");\n\t\t})\n\t\t.call(done);",
                    "err": {
                      "message": "AssertionError: expected Array [\n  '6,00 €',\n  '6,00 €',\n  '6,00 €',\n  '6,00 €',\n  '6,00 €',\n  '6,00 €',\n  '6,00 €',\n  '6,00 €',\n  '6,00 €'\n] to be '€6.00'",
                      "estack": "AssertionError: expected Array [\n  '6,00 €',\n  '6,00 €',\n  '6,00 €',\n  '6,00 €',\n  '6,00 €',\n  '6,00 €',\n  '6,00 €',\n  '6,00 €',\n  '6,00 €'\n] to be '€6.00'\n    at Assertion.fail (/projet/PSFunctionalTests/node_modules/should/cjs/should.js:326:17)\n    at Assertion.value (/projet/PSFunctionalTests/node_modules/should/cjs/should.js:398:19)\n    at Object.<anonymous> (scenario/FO/check_product.webdriverio.js:52:26)\n    at Object.exec (/projet/PSFunctionalTests/node_modules/webdriverio/build/lib/helpers/safeExecute.js:28:24)\n    at Object.resolve (/projet/PSFunctionalTests/node_modules/webdriverio/build/lib/webdriverio.js:189:29)\n    at /projet/PSFunctionalTests/node_modules/webdriverio/build/lib/webdriverio.js:538:32\n    at _fulfilled (/projet/PSFunctionalTests/node_modules/q/q.js:854:54)\n    at self.promiseDispatch.done (/projet/PSFunctionalTests/node_modules/q/q.js:883:30)\n    at Promise.promise.promiseDispatch (/projet/PSFunctionalTests/node_modules/q/q.js:816:13)\n    at /projet/PSFunctionalTests/node_modules/q/q.js:624:44\n    at runSingle (/projet/PSFunctionalTests/node_modules/q/q.js:137:13)\n    at flush (/projet/PSFunctionalTests/node_modules/q/q.js:125:13)\n    at _combinedTickCallback (internal/process/next_tick.js:67:7)\n    at process._tickDomainCallback (internal/process/next_tick.js:122:9)"
                    },
                    "isRoot": false,
                    "uuid": "dab44a39-bec2-48c2-9ede-c457a13e55b0",
                    "parentUUID": "61762410-0669-42e8-985d-0168d2a9e8e8",
                    "isHook": false,
                    "skipped": false
                  },
                  {
                    "title": "should check the product details",
                    "fullTitle": "The Check of the Product in Front Office Check the product should check the product details",
                    "timedOut": false,
                    "duration": 0,
                    "state": "failed",
                    "pass": false,
                    "fail": true,
                    "pending": false,
                    "code": "global.fctname= this.test.title;\n\tthis.client\n\t\t.click(this.selector.search_product_result_name)\n\t\t.waitForExist(this.selector.product_name_details, 90000)\n\t\t.getText(this.selector.product_name_details).then(function(text) {\n\t\t\tvar my_name_check = text;\n\t\t\tshould(my_name_check.toLowerCase()).be.equal('test_nodejs_' + product_id);\n\t\t})\n\t\t//image_data_id\n\t\t.getAttribute('img[class=\"js-qv-product-cover\"]', \"src\").then(function(text) {\n\t\t\tvar my_src_temp = text;\n\t\t\tmy_src_temp.should.containEql(image_data_id + '-large_default');\n\t\t})\n\t\t.getText(this.selector.product_price_details).then(function(text) {\n\t\t\tvar my_price2 = text;\n\t\t\tshould(my_price2).be.equal(\"€6.00\");\n\t\t})\n\t\t.call(done);",
                    "err": {
                      "message": "AssertionError: expected 'test_nodejs_1500370245265' to be 'test_nodejs_1501495022217'",
                      "estack": "AssertionError: expected 'test_nodejs_1500370245265' to be 'test_nodejs_1501495022217'\n    at elementIdText(\"49\") - getText.js:35:50",
                      "diff": "- test_nodejs_1500370245265\n+ test_nodejs_1501495022217\n"
                    },
                    "isRoot": false,
                    "uuid": "6ff227d9-799e-4956-b372-e16c7c6961ed",
                    "parentUUID": "61762410-0669-42e8-985d-0168d2a9e8e8",
                    "isHook": false,
                    "skipped": false
                  }
                ],
                "pending": [],
                "root": false,
                "_timeout": 900000000,
                "file": "/index.webdriverio.js",
                "uuid": "61762410-0669-42e8-985d-0168d2a9e8e8",
                "beforeHooks": [],
                "afterHooks": [],
                "fullFile": "/projet/PSFunctionalTests/test/itg/1.7/index.webdriverio.js",
                "passes": [
                  {
                    "title": "should search for the product",
                    "fullTitle": "The Check of the Product in Front Office Check the product should search for the product",
                    "timedOut": false,
                    "duration": 861,
                    "state": "passed",
                    "speed": "fast",
                    "pass": true,
                    "fail": false,
                    "pending": false,
                    "code": "global.fctname= this.test.title;\n\tthis.client\n\t\t.waitForExist(this.selector.search_product, 90000)\n\t\t.setValue(this.selector.search_product, 'test_nodejs_' + product_id)\n\t\t.click(this.selector.search_product_button)\n\t\t.call(done);",
                    "err": {},
                    "isRoot": false,
                    "uuid": "15b7dae4-de96-4834-bb85-1a0ccfad81be",
                    "parentUUID": "61762410-0669-42e8-985d-0168d2a9e8e8",
                    "isHook": false,
                    "skipped": false
                  }
                ],
                "failures": [
                  {
                    "title": "should check the product name",
                    "fullTitle": "The Check of the Product in Front Office Check the product should check the product name",
                    "timedOut": false,
                    "duration": 0,
                    "state": "failed",
                    "pass": false,
                    "fail": true,
                    "pending": false,
                    "code": "global.fctname= this.test.title;\n\t\t\tthis.client\n\t\t\t\t.waitForExist(this.selector.search_product_result_name, 90000)\n\t\t\t\t.getText(this.selector.search_product_result_name).then(function(text) {\n\t\t\t\t\tvar my_name = text;\n\t\t\t\t\tshould(my_name.toLowerCase()).be.equal('test_nodejs_' + product_id);\n\t\t\t\t})\n\t\t\t\t.call(done);",
                    "err": {
                      "message": "AssertionError: expected 'test_nodejs_1500370245265' to be 'test_nodejs_1501495022217'",
[...]
      "timedOut": false,
      "duration": 65,
      "state": "passed",
      "speed": "fast",
      "pass": true,
      "fail": false,
      "pending": false,
      "code": "global.fctname= this.test.title;\n\t        this.client\n                .waitForExist(this.selector.order_total, 90000)\n                .getText(this.selector.order_total).then(function(text) {\n                    var my_order_total = text;\n                    should(my_order_total).be.equal(my_price);\n                })\n                .call(done);",
      "err": {},
      "isRoot": false,
      "uuid": "a63dcb7d-57c2-4263-b0b8-07c8c2eeed6e",
      "parentUUID": "99cf2686-e83c-49c0-bcd8-0557ed33cc6c",
      "isHook": false,
      "skipped": false
    },
    {
      "title": "should check the order reference",
      "fullTitle": "Check the order should check the order reference",
      "timedOut": false,
      "duration": 5072,
      "state": "passed",
      "speed": "fast",
      "pass": true,
      "fail": false,
      "pending": false,
      "code": "global.fctname= this.test.title;\n\t        this.client\n                .waitForExist(this.selector.order_reference, 90000)\n                .getText(this.selector.order_reference).then(function(text) {\n                    var my_order_reference = text;\n                    should(my_order_reference).be.equal(order_reference);\n                })\n                .pause(5000)\n                .call(done);",
      "err": {},
      "isRoot": false,
      "uuid": "6c0913a2-78c3-42f8-8143-72eb90c314c9",
      "parentUUID": "99cf2686-e83c-49c0-bcd8-0557ed33cc6c",
      "isHook": false,
      "skipped": false
    },
    {
      "title": "should log out successfully in BO",
      "fullTitle": "Log out in Back Office should log out successfully in BO",
      "timedOut": false,
      "duration": 1,
      "state": "passed",
      "speed": "fast",
      "pass": true,
      "fail": false,
      "pending": false,
      "code": "global.fctname= this.test.title;\n\t\t    this.client\n    .signoutBO()\n    .call(done);",
      "err": {},
      "isRoot": false,
      "uuid": "af520ead-33e2-4d52-bf70-ed5858ee1a54",
      "parentUUID": "afb2b3ad-ffc8-4b54-8da9-6bb1ae9acec9",
      "isHook": false,
      "skipped": false
    },
    {
      "title": "should acces to the account creation interface",
      "fullTitle": "Create a customer account in FO should acces to the account creation interface",
      "timedOut": false,
      "duration": 1476,
      "state": "passed",
      "speed": "fast",
      "pass": true,
      "fail": false,
      "pending": false,
      "code": "global.fctname= this.test.title;\n\tthis.client\n\t\t.url('http://' + URL)\n\t\t.waitForExist(this.selector.access_loginFO, 90000)\n\t\t.click(this.selector.access_loginFO)\n\t\t.waitForExist(this.selector.create_account_button, 90000)\n\t\t.click(this.selector.create_account_button)\n\t\t.call(done);",
      "err": {},
      "isRoot": false,
      "uuid": "6827d420-bba7-4246-aa95-80b4af7c7ab8",
      "parentUUID": "a4e30a69-758f-4480-8309-07a578bf5550",
      "isHook": false,
      "skipped": false
    },
    {
      "title": "should fill the form",
      "fullTitle": "Create a customer account in FO should fill the form",
      "timedOut": false,
      "duration": 2762,
      "state": "passed",
      "speed": "fast",
      "pass": true,
      "fail": false,
      "pending": false,
      "code": "global.fctname= this.test.title;\n\tthis.client\n\t\t.waitForExist(this.selector.create_account_firstname,60000)\n\t\t.setValue(this.selector.create_account_firstname, 'my firstname')\n\t\t.setValue(this.selector.create_account_lastname, 'my lastname')\n\t\t.setValue(this.selector.create_account_email, new_customer_email)\n\t\t.setValue(this.selector.create_account_password, '123456789')\n\t\t.pause(2000)\n\t    .call(done);",
      "err": {},
      "isRoot": false,
      "uuid": "70974b6d-14b6-4d87-a8f6-00cb28edc6d9",
      "parentUUID": "a4e30a69-758f-4480-8309-07a578bf5550",
      "isHook": false,
      "skipped": false
    },
    {
      "title": "should validate the creation of the account",
      "fullTitle": "Create a customer account in FO should validate the creation of the account",
      "timedOut": false,
      "duration": 1143,
      "state": "passed",
      "speed": "fast",
      "pass": true,
      "fail": false,
      "pending": false,
      "code": "global.fctname= this.test.title;\n\tthis.client\n\t\t.click(this.selector.create_account_info_validate)\n\t\t.waitForExist(this.selector.logo_home_pageFO, 90000)\n\t\t.call(done);",
      "err": {},
      "isRoot": false,
      "uuid": "58b38a3c-e715-4d4e-833a-ee0acc2176fa",
      "parentUUID": "a4e30a69-758f-4480-8309-07a578bf5550",
      "isHook": false,
      "skipped": false
    },
    {
      "title": "should log out",
      "fullTitle": "Log out and Log in again should log out",
      "timedOut": false,
      "duration": 1,
      "state": "passed",
      "speed": "fast",
      "pass": true,
      "fail": false,
      "pending": false,
      "code": "global.fctname= this.test.title;\n\tthis.client\n\t\t.signoutFO()\n\t\t.call(done);",
      "err": {},
      "isRoot": false,
      "uuid": "895d2171-f660-420a-82a8-b83b4d88d2a5",
      "parentUUID": "cf8fc118-98da-45fb-a32b-557616964c50",
      "isHook": false,
      "skipped": false
    },
    {
      "title": "should log in again",
      "fullTitle": "Log out and Log in again should log in again",
      "timedOut": false,
      "duration": 2026,
      "state": "passed",
      "speed": "fast",
      "pass": true,
      "fail": false,
      "pending": false,
      "code": "global.fctname= this.test.title;\n\tthis.client\n\t\t.url('http://' + URL)\n\t\t.waitForExist(this.selector.access_loginFO, 90000)\n\t\t.click(this.selector.access_loginFO)\n\t\t.waitForExist(this.selector.loginFO, 90000)\n\t\t.setValue(this.selector.loginFO, new_customer_email)\n\t\t.setValue(this.selector.passwordFO, '123456789')\n\t\t.click(this.selector.login_btnFO)\n\t\t.waitForExist(this.selector.logo_home_pageFO, 90000)\n\t\t.call(done);",
      "err": {},
      "isRoot": false,
      "uuid": "0fefe706-3399-4440-a51b-14d170b1a180",
      "parentUUID": "cf8fc118-98da-45fb-a32b-557616964c50",
      "isHook": false,
      "skipped": false
    },
    {
      "title": "should logout successfully in FO",
      "fullTitle": "Log out in Front Office should logout successfully in FO",
      "timedOut": false,
      "duration": 2,
      "state": "passed",
      "speed": "fast",
      "pass": true,
      "fail": false,
      "pending": false,
      "code": "global.fctname= this.test.title;\n\tthis.client\n\t\t.signoutFO()\n\t\t.call(done);",
      "err": {},
      "isRoot": false,
      "uuid": "57801d64-c5a1-4382-9f62-9914d7e38975",
      "parentUUID": "1975afeb-4558-4c41-bdfe-4f33141bdbf3",
      "isHook": false,
      "skipped": false
    }
  ],
  "allFailures": [
    {
      "title": "Should generate picture url",
      "fullTitle": "Check the product in the catalog Should generate picture url",
      "timedOut": false,
      "duration": 0,
      "state": "failed",
      "pass": false,
      "fail": true,
      "pending": false,
      "code": "picture_url = \"/img/p\";\nfor (var i = 0, len = image_data_id.length; i < len; i++) {\n\tpicture_url= picture_url + \"/\" + image_data_id[i];\n}\npicture_url = picture_url + \"/\" + image_data_id + \"-home_default.jpg\";\nthis.client.call(done);",
      "err": {
        "message": "ReferenceError: picture_url is not defined",
        "estack": "ReferenceError: picture_url is not defined\n    at Context.<anonymous> (scenario/BO/create_product.webdriverio.js:199:16)"
      },
      "isRoot": false,
      "uuid": "b9f8d375-c475-4e3d-ae8b-a928e8199948",
      "parentUUID": "595aa7ba-09fd-45a1-bbab-653d4f25cdd3",
      "isHook": false,
      "skipped": false
    },
    {
      "title": "should check the product description",
      "fullTitle": "Check the product in Back Office should check the product description",
      "timedOut": false,
      "duration": 0,
      "state": "failed",
      "pass": false,
      "fail": true,
      "pending": false,
      "code": "global.fctname= this.test.title;\n    this.client\n                    .click(this.selector.description_button)\n                    .execute(function() {\n                        document.querySelector('textarea#form_step1_description_1').style=\"\";\n                        })\n                    .getText('textarea#form_step1_description_1').then(function(text) {\n                        var my_description = text;\n                        should(my_description).be.equal(\"this the description\");\n                    })\n                    .call(done);",
      "err": {
        "message": "Error: unknown error: Element <a href=\"#description\" data-toggle=\"tab\" class=\"nav-link description-tab\">...</a> is not clickable at point (506, 813). Other element would receive the click: <div class=\"switch-input -checked\">...</div>",
        "estack": "Error: An unknown server-side error occurred while processing the command.\n    at elementIdClick(\"27\") - click.js:20:22"
      },
      "isRoot": false,
      "uuid": "b32e509c-db27-4adc-b518-29623855c7ea",
      "parentUUID": "826f8bd9-2778-4e25-9423-7255c8551162",
      "isHook": false,
      "skipped": false
    },
    {
      "title": "should check the product image",
      "fullTitle": "Check the product in Back Office should check the product image",
      "timedOut": false,
      "duration": 0,
      "state": "failed",
      "pass": false,
      "fail": true,
      "pending": false,
      "code": "global.fctname= this.test.title;\n                this.client\n                    .getAttribute('div[data-id=\"' + image_data_id + '\"] > div ', \"style\").then(function(text) {\n                        var my_picture_url_temp = text[0].split(\"url(\\\"\");\n                        var my_picture_url = my_picture_url_temp[1].split(\"\\\")\");\n                        var my_final_picture_url = my_picture_url[0].split(\"img/\");\n                        var final_picture_url = picture_url.split(\"img/\");\n                        should(my_final_picture_url[1]).be.equal(final_picture_url[1]);\n                    })\n                    .call(done);",
      "err": {
        "message": "ReferenceError: picture_url is not defined",
        "estack": "ReferenceError: picture_url is not defined\n    at Object.<anonymous> (scenario/BO/create_product.webdriverio.js:273:61)\n    at Object.exec (/projet/PSFunctionalTests/node_modules/webdriverio/build/lib/helpers/safeExecute.js:28:24)\n    at Object.resolve (/projet/PSFunctionalTests/node_modules/webdriverio/build/lib/webdriverio.js:189:29)\n    at /projet/PSFunctionalTests/node_modules/webdriverio/build/lib/webdriverio.js:538:32\n    at _fulfilled (/projet/PSFunctionalTests/node_modules/q/q.js:854:54)\n    at self.promiseDispatch.done (/projet/PSFunctionalTests/node_modules/q/q.js:883:30)\n    at Promise.promise.promiseDispatch (/projet/PSFunctionalTests/node_modules/q/q.js:816:13)\n    at /projet/PSFunctionalTests/node_modules/q/q.js:624:44\n    at runSingle (/projet/PSFunctionalTests/node_modules/q/q.js:137:13)\n    at flush (/projet/PSFunctionalTests/node_modules/q/q.js:125:13)\n    at _combinedTickCallback (internal/process/next_tick.js:67:7)\n    at process._tickDomainCallback (internal/process/next_tick.js:122:9)"
      },
      "isRoot": false,
      "uuid": "fd45e6df-91bb-481c-ac4d-896d141e0879",
      "parentUUID": "826f8bd9-2778-4e25-9423-7255c8551162",
      "isHook": false,
      "skipped": false
    },
    {
      "title": "should check the product name",
      "fullTitle": "Check the product should check the product name",
      "timedOut": false,
      "duration": 0,
      "state": "failed",
      "pass": false,
      "fail": true,
      "pending": false,
      "code": "global.fctname= this.test.title;\n\t\t\tthis.client\n\t\t\t\t.waitForExist(this.selector.search_product_result_name, 90000)\n\t\t\t\t.getText(this.selector.search_product_result_name).then(function(text) {\n\t\t\t\t\tvar my_name = text;\n\t\t\t\t\tshould(my_name.toLowerCase()).be.equal('test_nodejs_' + product_id);\n\t\t\t\t})\n\t\t\t\t.call(done);",
      "err": {
        "message": "AssertionError: expected 'test_nodejs_1500370245265' to be 'test_nodejs_1501495022217'",
        "estack": "AssertionError: expected 'test_nodejs_1500370245265' to be 'test_nodejs_1501495022217'\n    at Assertion.fail (/projet/PSFunctionalTests/node_modules/should/cjs/should.js:326:17)\n    at Assertion.value (/projet/PSFunctionalTests/node_modules/should/cjs/should.js:398:19)\n    at Object.<anonymous> (scenario/FO/check_product.webdriverio.js:42:39)\n    at Object.exec (/projet/PSFunctionalTests/node_modules/webdriverio/build/lib/helpers/safeExecute.js:28:24)\n    at Object.resolve (/projet/PSFunctionalTests/node_modules/webdriverio/build/lib/webdriverio.js:189:29)\n    at /projet/PSFunctionalTests/node_modules/webdriverio/build/lib/webdriverio.js:538:32\n    at _fulfilled (/projet/PSFunctionalTests/node_modules/q/q.js:854:54)\n    at self.promiseDispatch.done (/projet/PSFunctionalTests/node_modules/q/q.js:883:30)\n    at Promise.promise.promiseDispatch (/projet/PSFunctionalTests/node_modules/q/q.js:816:13)\n    at /projet/PSFunctionalTests/node_modules/q/q.js:624:44\n    at runSingle (/projet/PSFunctionalTests/node_modules/q/q.js:137:13)\n    at flush (/projet/PSFunctionalTests/node_modules/q/q.js:125:13)\n    at _combinedTickCallback (internal/process/next_tick.js:67:7)\n    at process._tickDomainCallback (internal/process/next_tick.js:122:9)",
        "diff": "- test_nodejs_1500370245265\n+ test_nodejs_1501495022217\n"
      },
      "isRoot": false,
      "uuid": "8f62f970-79a9-44a1-b3b9-bc7625e7562c",
      "parentUUID": "61762410-0669-42e8-985d-0168d2a9e8e8",
      "isHook": false,
      "skipped": false
    },
    {
      "title": "should check the product price",
      "fullTitle": "Check the product should check the product price",
      "timedOut": false,
      "duration": 0,
      "state": "failed",
      "pass": false,
      "fail": true,
      "pending": false,
      "code": "global.fctname= this.test.title;\n\tthis.client\n\t\t.getText(this.selector.search_product_result_price).then(function(text) {\n\t\t\tvar my_price = text;\n\t\t\tshould(my_price).be.equal(\"€6.00\");\n\t\t})\n\t\t.call(done);",
      "err": {
        "message": "AssertionError: expected Array [\n  '6,00 €',\n  '6,00 €',\n  '6,00 €',\n  '6,00 €',\n  '6,00 €',\n  '6,00 €',\n  '6,00 €',\n  '6,00 €',\n  '6,00 €'\n] to be '€6.00'",
        "estack": "AssertionError: expected Array [\n  '6,00 €',\n  '6,00 €',\n  '6,00 €',\n  '6,00 €',\n  '6,00 €',\n  '6,00 €',\n  '6,00 €',\n  '6,00 €',\n  '6,00 €'\n] to be '€6.00'\n    at Assertion.fail (/projet/PSFunctionalTests/node_modules/should/cjs/should.js:326:17)\n    at Assertion.value (/projet/PSFunctionalTests/node_modules/should/cjs/should.js:398:19)\n    at Object.<anonymous> (scenario/FO/check_product.webdriverio.js:52:26)\n    at Object.exec (/projet/PSFunctionalTests/node_modules/webdriverio/build/lib/helpers/safeExecute.js:28:24)\n    at Object.resolve (/projet/PSFunctionalTests/node_modules/webdriverio/build/lib/webdriverio.js:189:29)\n    at /projet/PSFunctionalTests/node_modules/webdriverio/build/lib/webdriverio.js:538:32\n    at _fulfilled (/projet/PSFunctionalTests/node_modules/q/q.js:854:54)\n    at self.promiseDispatch.done (/projet/PSFunctionalTests/node_modules/q/q.js:883:30)\n    at Promise.promise.promiseDispatch (/projet/PSFunctionalTests/node_modules/q/q.js:816:13)\n    at /projet/PSFunctionalTests/node_modules/q/q.js:624:44\n    at runSingle (/projet/PSFunctionalTests/node_modules/q/q.js:137:13)\n    at flush (/projet/PSFunctionalTests/node_modules/q/q.js:125:13)\n    at _combinedTickCallback (internal/process/next_tick.js:67:7)\n    at process._tickDomainCallback (internal/process/next_tick.js:122:9)"
      },
      "isRoot": false,
      "uuid": "dab44a39-bec2-48c2-9ede-c457a13e55b0",
      "parentUUID": "61762410-0669-42e8-985d-0168d2a9e8e8",
      "isHook": false,
      "skipped": false
    },
    {
      "title": "should check the product details",
      "fullTitle": "Check the product should check the product details",
      "timedOut": false,
      "duration": 0,
      "state": "failed",
      "pass": false,
      "fail": true,
      "pending": false,
      "code": "global.fctname= this.test.title;\n\tthis.client\n\t\t.click(this.selector.search_product_result_name)\n\t\t.waitForExist(this.selector.product_name_details, 90000)\n\t\t.getText(this.selector.product_name_details).then(function(text) {\n\t\t\tvar my_name_check = text;\n\t\t\tshould(my_name_check.toLowerCase()).be.equal('test_nodejs_' + product_id);\n\t\t})\n\t\t//image_data_id\n\t\t.getAttribute('img[class=\"js-qv-product-cover\"]', \"src\").then(function(text) {\n\t\t\tvar my_src_temp = text;\n\t\t\tmy_src_temp.should.containEql(image_data_id + '-large_default');\n\t\t})\n\t\t.getText(this.selector.product_price_details).then(function(text) {\n\t\t\tvar my_price2 = text;\n\t\t\tshould(my_price2).be.equal(\"€6.00\");\n\t\t})\n\t\t.call(done);",
      "err": {
        "message": "AssertionError: expected 'test_nodejs_1500370245265' to be 'test_nodejs_1501495022217'",
        "estack": "AssertionError: expected 'test_nodejs_1500370245265' to be 'test_nodejs_1501495022217'\n    at elementIdText(\"49\") - getText.js:35:50",
        "diff": "- test_nodejs_1500370245265\n+ test_nodejs_1501495022217\n"
      },
      "isRoot": false,
      "uuid": "6ff227d9-799e-4956-b372-e16c7c6961ed",
      "parentUUID": "61762410-0669-42e8-985d-0168d2a9e8e8",
      "isHook": false,
      "skipped": false
    },
    {
      "title": "should validate price of product",
      "fullTitle": "Validate the cart should validate price of product",
      "timedOut": false,
      "duration": 0,
      "state": "failed",
      "pass": false,
      "fail": true,
      "pending": false,
      "code": "global.fctname= this.test.title;\n\tthis.client\n\t\t.getText(this.selector.command_product_price).then(function(text) {\n\t\t\tvar command_price_check = text;\n\t\t\tshould(command_price_check).be.equal(my_price);\n\t\t})\n\t\t.call(done);",
      "err": {
        "message": "AssertionError: expected Array [ 'Taille:', 'S' ] to be '19,81 €'",
        "estack": "AssertionError: expected Array [ 'Taille:', 'S' ] to be '19,81 €'\n    at Assertion.fail (/projet/PSFunctionalTests/node_modules/should/cjs/should.js:326:17)\n    at Assertion.value (/projet/PSFunctionalTests/node_modules/should/cjs/should.js:398:19)\n    at Object.<anonymous> (scenario/FO/buy_product.webdriverio.js:97:37)\n    at Object.exec (/projet/PSFunctionalTests/node_modules/webdriverio/build/lib/helpers/safeExecute.js:28:24)\n    at Object.resolve (/projet/PSFunctionalTests/node_modules/webdriverio/build/lib/webdriverio.js:189:29)\n    at /projet/PSFunctionalTests/node_modules/webdriverio/build/lib/webdriverio.js:538:32\n    at _fulfilled (/projet/PSFunctionalTests/node_modules/q/q.js:854:54)\n    at self.promiseDispatch.done (/projet/PSFunctionalTests/node_modules/q/q.js:883:30)\n    at Promise.promise.promiseDispatch (/projet/PSFunctionalTests/node_modules/q/q.js:816:13)\n    at /projet/PSFunctionalTests/node_modules/q/q.js:624:44\n    at runSingle (/projet/PSFunctionalTests/node_modules/q/q.js:137:13)\n    at flush (/projet/PSFunctionalTests/node_modules/q/q.js:125:13)\n    at _combinedTickCallback (internal/process/next_tick.js:67:7)\n    at process._tickDomainCallback (internal/process/next_tick.js:122:9)"
      },
      "isRoot": false,
      "uuid": "252f7430-b7db-4e92-902c-10634410f9ae",
      "parentUUID": "65686ed9-833a-4066-99b9-1922b140e3aa",
      "isHook": false,
      "skipped": false
    }
  ],
  "copyrightYear": 2017
}